[2024.04.30 12:20:48 - debug] Calculating hook disabled
[2024.04.30 12:20:48 - info ] DualThrust inited
[2024.04.30 12:20:48 - debug] SZSE.STK.300618 frozen position up to 100
[2024.04.30 12:20:48 - debug] 100 of SZSE.STK.300618 frozen released on 20180105
[2024.04.30 12:20:48 - debug] SZSE.STK.300618 frozen position up to 100
[2024.04.30 12:20:48 - debug] 100 of SZSE.STK.300618 frozen released on 20180109
[2024.04.30 12:20:48 - debug] SZSE.STK.300618 frozen position up to 100
[2024.04.30 12:20:48 - debug] 100 of SZSE.STK.300618 frozen released on 20180117
[2024.04.30 12:20:48 - debug] SZSE.STK.300618 frozen position up to 100
[2024.04.30 12:20:48 - debug] 100 of SZSE.STK.300618 frozen released on 20180123
[2024.04.30 12:20:48 - debug] SZSE.STK.300618 frozen position up to 100
[2024.04.30 12:20:48 - debug] 100 of SZSE.STK.300618 frozen released on 20180126
[2024.04.30 12:20:48 - debug] SZSE.STK.300618 frozen position up to 100
[2024.04.30 12:20:48 - debug] 100 of SZSE.STK.300618 frozen released on 20180202
[2024.04.30 12:20:48 - debug] SZSE.STK.300618 frozen position up to 100
[2024.04.30 12:20:48 - debug] 100 of SZSE.STK.300618 frozen released on 20180212
[2024.04.30 12:20:48 - debug] SZSE.STK.300618 frozen position up to 100
[2024.04.30 12:20:48 - debug] 100 of SZSE.STK.300618 frozen released on 20180226
[2024.04.30 12:20:48 - debug] SZSE.STK.300618 frozen position up to 100
[2024.04.30 12:20:48 - debug] 100 of SZSE.STK.300618 frozen released on 20180228
[2024.04.30 12:20:48 - debug] SZSE.STK.300618 frozen position up to 100
[2024.04.30 12:20:48 - debug] 100 of SZSE.STK.300618 frozen released on 20180308
[2024.04.30 12:20:48 - debug] SZSE.STK.300618 frozen position up to 100
[2024.04.30 12:20:48 - debug] 100 of SZSE.STK.300618 frozen released on 20180312
[2024.04.30 12:20:48 - debug] SZSE.STK.300618 frozen position up to 100
[2024.04.30 12:20:48 - debug] 100 of SZSE.STK.300618 frozen released on 20180316
[2024.04.30 12:20:48 - debug] SZSE.STK.300618 frozen position up to 100
[2024.04.30 12:20:48 - debug] 100 of SZSE.STK.300618 frozen released on 20180322
[2024.04.30 12:20:48 - debug] SZSE.STK.300618 frozen position up to 100
[2024.04.30 12:20:48 - debug] 100 of SZSE.STK.300618 frozen released on 20180328
[2024.04.30 12:20:48 - debug] SZSE.STK.300618 frozen position up to 100
[2024.04.30 12:20:48 - debug] 100 of SZSE.STK.300618 frozen released on 20180409
[2024.04.30 12:20:48 - debug] SZSE.STK.300618 frozen position up to 100
[2024.04.30 12:20:48 - debug] 100 of SZSE.STK.300618 frozen released on 20180411
[2024.04.30 12:20:48 - debug] SZSE.STK.300618 frozen position up to 100
[2024.04.30 12:20:48 - debug] 100 of SZSE.STK.300618 frozen released on 20180426
[2024.04.30 12:20:48 - debug] SZSE.STK.300618 frozen position up to 100
[2024.04.30 12:20:48 - debug] 100 of SZSE.STK.300618 frozen released on 20180509
[2024.04.30 12:20:48 - debug] SZSE.STK.300618 frozen position up to 100
[2024.04.30 12:20:48 - debug] 100 of SZSE.STK.300618 frozen released on 20180515
[2024.04.30 12:20:48 - debug] SZSE.STK.300618 frozen position up to 100
[2024.04.30 12:20:48 - debug] 100 of SZSE.STK.300618 frozen released on 20180523
[2024.04.30 12:20:48 - debug] SZSE.STK.300618 frozen position up to 100
[2024.04.30 12:20:48 - debug] 100 of SZSE.STK.300618 frozen released on 20180530
[2024.04.30 12:20:48 - debug] SZSE.STK.300618 frozen position up to 100
[2024.04.30 12:20:48 - debug] 100 of SZSE.STK.300618 frozen released on 20180608
[2024.04.30 12:20:48 - debug] SZSE.STK.300618 frozen position up to 100
[2024.04.30 12:20:48 - debug] 100 of SZSE.STK.300618 frozen released on 20180613
[2024.04.30 12:20:48 - debug] SZSE.STK.300618 frozen position up to 100
[2024.04.30 12:20:48 - debug] 100 of SZSE.STK.300618 frozen released on 20180619
[2024.04.30 12:20:48 - debug] SZSE.STK.300618 frozen position up to 100
[2024.04.30 12:20:48 - debug] 100 of SZSE.STK.300618 frozen released on 20180621
[2024.04.30 12:20:48 - debug] SZSE.STK.300618 frozen position up to 100
[2024.04.30 12:20:48 - debug] 100 of SZSE.STK.300618 frozen released on 20180626
[2024.04.30 12:20:48 - debug] SZSE.STK.300618 frozen position up to 100
[2024.04.30 12:20:48 - debug] 100 of SZSE.STK.300618 frozen released on 20180628
[2024.04.30 12:20:48 - debug] SZSE.STK.300618 frozen position up to 100
[2024.04.30 12:20:48 - debug] 100 of SZSE.STK.300618 frozen released on 20180703
[2024.04.30 12:20:48 - debug] SZSE.STK.300618 frozen position up to 100
[2024.04.30 12:20:48 - debug] 100 of SZSE.STK.300618 frozen released on 20180710
[2024.04.30 12:20:48 - debug] SZSE.STK.300618 frozen position up to 100
[2024.04.30 12:20:48 - debug] 100 of SZSE.STK.300618 frozen released on 20180712
[2024.04.30 12:20:48 - debug] SZSE.STK.300618 frozen position up to 100
[2024.04.30 12:20:48 - debug] 100 of SZSE.STK.300618 frozen released on 20180723
[2024.04.30 12:20:48 - debug] SZSE.STK.300618 frozen position up to 100
[2024.04.30 12:20:48 - debug] 100 of SZSE.STK.300618 frozen released on 20180806
[2024.04.30 12:20:48 - debug] SZSE.STK.300618 frozen position up to 100
[2024.04.30 12:20:48 - debug] 100 of SZSE.STK.300618 frozen released on 20180815
[2024.04.30 12:20:48 - debug] SZSE.STK.300618 frozen position up to 100
[2024.04.30 12:20:48 - debug] 100 of SZSE.STK.300618 frozen released on 20180820
[2024.04.30 12:20:48 - debug] SZSE.STK.300618 frozen position up to 100
[2024.04.30 12:20:48 - debug] 100 of SZSE.STK.300618 frozen released on 20180823
[2024.04.30 12:20:48 - debug] SZSE.STK.300618 frozen position up to 100
[2024.04.30 12:20:48 - debug] 100 of SZSE.STK.300618 frozen released on 20180829
[2024.04.30 12:20:48 - debug] SZSE.STK.300618 frozen position up to 100
[2024.04.30 12:20:48 - debug] 100 of SZSE.STK.300618 frozen released on 20180910
[2024.04.30 12:20:48 - debug] SZSE.STK.300618 frozen position up to 100
[2024.04.30 12:20:48 - debug] 100 of SZSE.STK.300618 frozen released on 20180913
[2024.04.30 12:20:48 - debug] SZSE.STK.300618 frozen position up to 100
[2024.04.30 12:20:48 - debug] 100 of SZSE.STK.300618 frozen released on 20180917
[2024.04.30 12:20:48 - debug] SZSE.STK.300618 frozen position up to 100
[2024.04.30 12:20:48 - debug] 100 of SZSE.STK.300618 frozen released on 20180920
[2024.04.30 12:20:48 - debug] SZSE.STK.300618 frozen position up to 100
[2024.04.30 12:20:48 - debug] 100 of SZSE.STK.300618 frozen released on 20180927
[2024.04.30 12:20:48 - info ] Strategy has been scheduled 189 times, totally taking 9612 us, 50.857 us each time
[2024.04.30 12:20:48 - debug] Notify strategy the end of backtest
[2024.04.30 12:21:58 - debug] Calculating hook disabled
[2024.04.30 12:21:58 - info ] DualThrust inited
[2024.04.30 12:21:58 - debug] SZSE.STK.300618 frozen position up to 100
[2024.04.30 12:21:58 - debug] 100 of SZSE.STK.300618 frozen released on 20180104
[2024.04.30 12:21:58 - debug] SZSE.STK.300618 frozen position up to 100
[2024.04.30 12:21:58 - debug] 100 of SZSE.STK.300618 frozen released on 20180118
[2024.04.30 12:21:58 - debug] SZSE.STK.300618 frozen position up to 100
[2024.04.30 12:21:58 - debug] 100 of SZSE.STK.300618 frozen released on 20180122
[2024.04.30 12:21:58 - debug] SZSE.STK.300618 frozen position up to 100
[2024.04.30 12:21:58 - debug] 100 of SZSE.STK.300618 frozen released on 20180226
[2024.04.30 12:21:58 - debug] SZSE.STK.300618 frozen position up to 100
[2024.04.30 12:21:58 - debug] 100 of SZSE.STK.300618 frozen released on 20180313
[2024.04.30 12:21:58 - debug] SZSE.STK.300618 frozen position up to 100
[2024.04.30 12:21:58 - debug] 100 of SZSE.STK.300618 frozen released on 20180328
[2024.04.30 12:21:58 - debug] SZSE.STK.300618 frozen position up to 100
[2024.04.30 12:21:58 - debug] 100 of SZSE.STK.300618 frozen released on 20180409
[2024.04.30 12:21:58 - debug] SZSE.STK.300618 frozen position up to 100
[2024.04.30 12:21:58 - debug] 100 of SZSE.STK.300618 frozen released on 20180424
[2024.04.30 12:21:58 - debug] SZSE.STK.300618 frozen position up to 100
[2024.04.30 12:21:58 - debug] 100 of SZSE.STK.300618 frozen released on 20180503
[2024.04.30 12:21:58 - debug] SZSE.STK.300618 frozen position up to 100
[2024.04.30 12:21:58 - debug] 100 of SZSE.STK.300618 frozen released on 20180509
[2024.04.30 12:21:58 - debug] SZSE.STK.300618 frozen position up to 100
[2024.04.30 12:21:58 - debug] 100 of SZSE.STK.300618 frozen released on 20180514
[2024.04.30 12:21:58 - debug] SZSE.STK.300618 frozen position up to 100
[2024.04.30 12:21:58 - debug] 100 of SZSE.STK.300618 frozen released on 20180530
[2024.04.30 12:21:58 - debug] SZSE.STK.300618 frozen position up to 100
[2024.04.30 12:21:58 - debug] 100 of SZSE.STK.300618 frozen released on 20180608
[2024.04.30 12:21:58 - debug] SZSE.STK.300618 frozen position up to 100
[2024.04.30 12:21:58 - debug] 100 of SZSE.STK.300618 frozen released on 20180615
[2024.04.30 12:21:58 - debug] SZSE.STK.300618 frozen position up to 100
[2024.04.30 12:21:58 - debug] 100 of SZSE.STK.300618 frozen released on 20180621
[2024.04.30 12:21:58 - debug] SZSE.STK.300618 frozen position up to 100
[2024.04.30 12:21:58 - debug] 100 of SZSE.STK.300618 frozen released on 20180710
[2024.04.30 12:21:58 - debug] SZSE.STK.300618 frozen position up to 100
[2024.04.30 12:21:58 - debug] 100 of SZSE.STK.300618 frozen released on 20180801
[2024.04.30 12:21:58 - debug] SZSE.STK.300618 frozen position up to 100
[2024.04.30 12:21:58 - debug] 100 of SZSE.STK.300618 frozen released on 20180806
[2024.04.30 12:21:58 - debug] SZSE.STK.300618 frozen position up to 100
[2024.04.30 12:21:58 - debug] 100 of SZSE.STK.300618 frozen released on 20180813
[2024.04.30 12:21:58 - debug] SZSE.STK.300618 frozen position up to 100
[2024.04.30 12:21:58 - debug] 100 of SZSE.STK.300618 frozen released on 20180820
[2024.04.30 12:21:58 - debug] SZSE.STK.300618 frozen position up to 100
[2024.04.30 12:21:58 - debug] 100 of SZSE.STK.300618 frozen released on 20180829
[2024.04.30 12:21:58 - debug] SZSE.STK.300618 frozen position up to 100
[2024.04.30 12:21:58 - debug] 100 of SZSE.STK.300618 frozen released on 20180913
[2024.04.30 12:21:58 - info ] Strategy has been scheduled 189 times, totally taking 8433 us, 44.619 us each time
[2024.04.30 12:21:58 - debug] Notify strategy the end of backtest
[2024.04.30 12:22:23 - debug] Calculating hook disabled
[2024.04.30 12:22:23 - info ] DualThrust inited
[2024.04.30 12:22:23 - debug] SZSE.STK.300618 frozen position up to 100
[2024.04.30 12:22:23 - debug] 100 of SZSE.STK.300618 frozen released on 20180104
[2024.04.30 12:22:23 - debug] SZSE.STK.300618 frozen position up to 100
[2024.04.30 12:22:23 - debug] 100 of SZSE.STK.300618 frozen released on 20180117
[2024.04.30 12:22:23 - debug] SZSE.STK.300618 frozen position up to 100
[2024.04.30 12:22:23 - debug] 100 of SZSE.STK.300618 frozen released on 20180122
[2024.04.30 12:22:23 - debug] SZSE.STK.300618 frozen position up to 100
[2024.04.30 12:22:23 - debug] 100 of SZSE.STK.300618 frozen released on 20180126
[2024.04.30 12:22:23 - debug] SZSE.STK.300618 frozen position up to 100
[2024.04.30 12:22:23 - debug] 100 of SZSE.STK.300618 frozen released on 20180202
[2024.04.30 12:22:23 - debug] SZSE.STK.300618 frozen position up to 100
[2024.04.30 12:22:23 - debug] 100 of SZSE.STK.300618 frozen released on 20180212
[2024.04.30 12:22:23 - debug] SZSE.STK.300618 frozen position up to 100
[2024.04.30 12:22:23 - debug] 100 of SZSE.STK.300618 frozen released on 20180226
[2024.04.30 12:22:23 - debug] SZSE.STK.300618 frozen position up to 100
[2024.04.30 12:22:23 - debug] 100 of SZSE.STK.300618 frozen released on 20180228
[2024.04.30 12:22:23 - debug] SZSE.STK.300618 frozen position up to 100
[2024.04.30 12:22:23 - debug] 100 of SZSE.STK.300618 frozen released on 20180308
[2024.04.30 12:22:23 - debug] SZSE.STK.300618 frozen position up to 100
[2024.04.30 12:22:23 - debug] 100 of SZSE.STK.300618 frozen released on 20180312
[2024.04.30 12:22:23 - debug] SZSE.STK.300618 frozen position up to 100
[2024.04.30 12:22:23 - debug] 100 of SZSE.STK.300618 frozen released on 20180321
[2024.04.30 12:22:23 - debug] SZSE.STK.300618 frozen position up to 100
[2024.04.30 12:22:23 - debug] 100 of SZSE.STK.300618 frozen released on 20180326
[2024.04.30 12:22:23 - debug] SZSE.STK.300618 frozen position up to 100
[2024.04.30 12:22:23 - debug] 100 of SZSE.STK.300618 frozen released on 20180328
[2024.04.30 12:22:23 - debug] SZSE.STK.300618 frozen position up to 100
[2024.04.30 12:22:23 - debug] 100 of SZSE.STK.300618 frozen released on 20180409
[2024.04.30 12:22:23 - debug] SZSE.STK.300618 frozen position up to 100
[2024.04.30 12:22:23 - debug] 100 of SZSE.STK.300618 frozen released on 20180411
[2024.04.30 12:22:23 - debug] SZSE.STK.300618 frozen position up to 100
[2024.04.30 12:22:23 - debug] 100 of SZSE.STK.300618 frozen released on 20180424
[2024.04.30 12:22:23 - debug] SZSE.STK.300618 frozen position up to 100
[2024.04.30 12:22:23 - debug] 100 of SZSE.STK.300618 frozen released on 20180503
[2024.04.30 12:22:23 - debug] SZSE.STK.300618 frozen position up to 100
[2024.04.30 12:22:23 - debug] 100 of SZSE.STK.300618 frozen released on 20180509
[2024.04.30 12:22:23 - debug] SZSE.STK.300618 frozen position up to 100
[2024.04.30 12:22:23 - debug] 100 of SZSE.STK.300618 frozen released on 20180514
[2024.04.30 12:22:23 - debug] SZSE.STK.300618 frozen position up to 100
[2024.04.30 12:22:23 - debug] 100 of SZSE.STK.300618 frozen released on 20180521
[2024.04.30 12:22:23 - debug] SZSE.STK.300618 frozen position up to 100
[2024.04.30 12:22:23 - debug] 100 of SZSE.STK.300618 frozen released on 20180523
[2024.04.30 12:22:23 - debug] SZSE.STK.300618 frozen position up to 100
[2024.04.30 12:22:23 - debug] 100 of SZSE.STK.300618 frozen released on 20180528
[2024.04.30 12:22:23 - debug] SZSE.STK.300618 frozen position up to 100
[2024.04.30 12:22:23 - debug] 100 of SZSE.STK.300618 frozen released on 20180530
[2024.04.30 12:22:23 - debug] SZSE.STK.300618 frozen position up to 100
[2024.04.30 12:22:23 - debug] 100 of SZSE.STK.300618 frozen released on 20180608
[2024.04.30 12:22:23 - debug] SZSE.STK.300618 frozen position up to 100
[2024.04.30 12:22:23 - debug] 100 of SZSE.STK.300618 frozen released on 20180613
[2024.04.30 12:22:23 - debug] SZSE.STK.300618 frozen position up to 100
[2024.04.30 12:22:23 - debug] 100 of SZSE.STK.300618 frozen released on 20180615
[2024.04.30 12:22:23 - debug] SZSE.STK.300618 frozen position up to 100
[2024.04.30 12:22:23 - debug] 100 of SZSE.STK.300618 frozen released on 20180621
[2024.04.30 12:22:23 - debug] SZSE.STK.300618 frozen position up to 100
[2024.04.30 12:22:23 - debug] 100 of SZSE.STK.300618 frozen released on 20180626
[2024.04.30 12:22:23 - debug] SZSE.STK.300618 frozen position up to 100
[2024.04.30 12:22:23 - debug] 100 of SZSE.STK.300618 frozen released on 20180710
[2024.04.30 12:22:23 - debug] SZSE.STK.300618 frozen position up to 100
[2024.04.30 12:22:23 - debug] 100 of SZSE.STK.300618 frozen released on 20180723
[2024.04.30 12:22:23 - debug] SZSE.STK.300618 frozen position up to 100
[2024.04.30 12:22:23 - debug] 100 of SZSE.STK.300618 frozen released on 20180726
[2024.04.30 12:22:23 - debug] SZSE.STK.300618 frozen position up to 100
[2024.04.30 12:22:23 - debug] 100 of SZSE.STK.300618 frozen released on 20180801
[2024.04.30 12:22:23 - debug] SZSE.STK.300618 frozen position up to 100
[2024.04.30 12:22:23 - debug] 100 of SZSE.STK.300618 frozen released on 20180806
[2024.04.30 12:22:23 - debug] SZSE.STK.300618 frozen position up to 100
[2024.04.30 12:22:23 - debug] 100 of SZSE.STK.300618 frozen released on 20180813
[2024.04.30 12:22:23 - debug] SZSE.STK.300618 frozen position up to 100
[2024.04.30 12:22:23 - debug] 100 of SZSE.STK.300618 frozen released on 20180817
[2024.04.30 12:22:23 - debug] SZSE.STK.300618 frozen position up to 100
[2024.04.30 12:22:23 - debug] 100 of SZSE.STK.300618 frozen released on 20180821
[2024.04.30 12:22:23 - debug] SZSE.STK.300618 frozen position up to 100
[2024.04.30 12:22:23 - debug] 100 of SZSE.STK.300618 frozen released on 20180823
[2024.04.30 12:22:23 - debug] SZSE.STK.300618 frozen position up to 100
[2024.04.30 12:22:23 - debug] 100 of SZSE.STK.300618 frozen released on 20180829
[2024.04.30 12:22:23 - debug] SZSE.STK.300618 frozen position up to 100
[2024.04.30 12:22:23 - debug] 100 of SZSE.STK.300618 frozen released on 20180903
[2024.04.30 12:22:23 - debug] SZSE.STK.300618 frozen position up to 100
[2024.04.30 12:22:23 - debug] 100 of SZSE.STK.300618 frozen released on 20180905
[2024.04.30 12:22:23 - debug] SZSE.STK.300618 frozen position up to 100
[2024.04.30 12:22:23 - debug] 100 of SZSE.STK.300618 frozen released on 20180910
[2024.04.30 12:22:23 - debug] SZSE.STK.300618 frozen position up to 100
[2024.04.30 12:22:23 - debug] 100 of SZSE.STK.300618 frozen released on 20180913
[2024.04.30 12:22:23 - debug] SZSE.STK.300618 frozen position up to 100
[2024.04.30 12:22:23 - debug] 100 of SZSE.STK.300618 frozen released on 20180927
[2024.04.30 12:22:23 - debug] SZSE.STK.300618 frozen position up to 100
[2024.04.30 12:22:23 - debug] 100 of SZSE.STK.300618 frozen released on 20181010
[2024.04.30 12:22:23 - info ] Strategy has been scheduled 189 times, totally taking 9348 us, 49.460 us each time
[2024.04.30 12:22:23 - debug] Notify strategy the end of backtest
[2024.04.30 13:59:07 - debug] Calculating hook disabled
[2024.04.30 13:59:07 - info ] DualThrust inited
[2024.04.30 13:59:07 - debug] SZSE.STK.300618 frozen position up to 1
[2024.04.30 13:59:07 - debug] 1 of SZSE.STK.300618 frozen released on 20180104
[2024.04.30 13:59:07 - error] Cannot short on SZSE.STK.300618
[2024.04.30 13:59:07 - debug] SZSE.STK.300618 frozen position up to 1
[2024.04.30 13:59:07 - debug] 1 of SZSE.STK.300618 frozen released on 20180117
[2024.04.30 13:59:07 - debug] SZSE.STK.300618 frozen position up to 1
[2024.04.30 13:59:07 - debug] 1 of SZSE.STK.300618 frozen released on 20180122
[2024.04.30 13:59:07 - error] Cannot short on SZSE.STK.300618
[2024.04.30 13:59:07 - error] Cannot short on SZSE.STK.300618
[2024.04.30 13:59:07 - debug] SZSE.STK.300618 frozen position up to 1
[2024.04.30 13:59:07 - debug] 1 of SZSE.STK.300618 frozen released on 20180126
[2024.04.30 13:59:07 - debug] SZSE.STK.300618 frozen position up to 1
[2024.04.30 13:59:07 - debug] 1 of SZSE.STK.300618 frozen released on 20180202
[2024.04.30 13:59:07 - error] Cannot short on SZSE.STK.300618
[2024.04.30 13:59:07 - error] Cannot short on SZSE.STK.300618
[2024.04.30 13:59:07 - debug] SZSE.STK.300618 frozen position up to 1
[2024.04.30 13:59:07 - debug] 1 of SZSE.STK.300618 frozen released on 20180212
[2024.04.30 13:59:07 - error] Cannot short on SZSE.STK.300618
[2024.04.30 13:59:07 - error] Cannot short on SZSE.STK.300618
[2024.04.30 13:59:07 - debug] SZSE.STK.300618 frozen position up to 1
[2024.04.30 13:59:07 - debug] 1 of SZSE.STK.300618 frozen released on 20180226
[2024.04.30 13:59:07 - debug] SZSE.STK.300618 frozen position up to 1
[2024.04.30 13:59:07 - debug] 1 of SZSE.STK.300618 frozen released on 20180228
[2024.04.30 13:59:07 - debug] SZSE.STK.300618 frozen position up to 1
[2024.04.30 13:59:07 - debug] 1 of SZSE.STK.300618 frozen released on 20180308
[2024.04.30 13:59:07 - debug] SZSE.STK.300618 frozen position up to 1
[2024.04.30 13:59:07 - debug] 1 of SZSE.STK.300618 frozen released on 20180312
[2024.04.30 13:59:07 - debug] SZSE.STK.300618 frozen position up to 1
[2024.04.30 13:59:07 - debug] 1 of SZSE.STK.300618 frozen released on 20180321
[2024.04.30 13:59:07 - debug] SZSE.STK.300618 frozen position up to 1
[2024.04.30 13:59:07 - debug] 1 of SZSE.STK.300618 frozen released on 20180326
[2024.04.30 13:59:07 - debug] SZSE.STK.300618 frozen position up to 1
[2024.04.30 13:59:07 - debug] 1 of SZSE.STK.300618 frozen released on 20180328
[2024.04.30 13:59:07 - error] Cannot short on SZSE.STK.300618
[2024.04.30 13:59:07 - error] Cannot short on SZSE.STK.300618
[2024.04.30 13:59:07 - debug] SZSE.STK.300618 frozen position up to 1
[2024.04.30 13:59:07 - debug] 1 of SZSE.STK.300618 frozen released on 20180409
[2024.04.30 13:59:07 - debug] SZSE.STK.300618 frozen position up to 1
[2024.04.30 13:59:07 - debug] 1 of SZSE.STK.300618 frozen released on 20180411
[2024.04.30 13:59:07 - error] Cannot short on SZSE.STK.300618
[2024.04.30 13:59:07 - error] Cannot short on SZSE.STK.300618
[2024.04.30 13:59:07 - error] Cannot short on SZSE.STK.300618
[2024.04.30 13:59:07 - error] Cannot short on SZSE.STK.300618
[2024.04.30 13:59:07 - debug] SZSE.STK.300618 frozen position up to 1
[2024.04.30 13:59:07 - debug] 1 of SZSE.STK.300618 frozen released on 20180424
[2024.04.30 13:59:07 - debug] SZSE.STK.300618 frozen position up to 1
[2024.04.30 13:59:07 - debug] 1 of SZSE.STK.300618 frozen released on 20180503
[2024.04.30 13:59:07 - error] Cannot short on SZSE.STK.300618
[2024.04.30 13:59:07 - debug] SZSE.STK.300618 frozen position up to 1
[2024.04.30 13:59:07 - debug] 1 of SZSE.STK.300618 frozen released on 20180509
[2024.04.30 13:59:07 - debug] SZSE.STK.300618 frozen position up to 1
[2024.04.30 13:59:07 - debug] 1 of SZSE.STK.300618 frozen released on 20180514
[2024.04.30 13:59:07 - error] Cannot short on SZSE.STK.300618
[2024.04.30 13:59:07 - debug] SZSE.STK.300618 frozen position up to 1
[2024.04.30 13:59:07 - debug] 1 of SZSE.STK.300618 frozen released on 20180521
[2024.04.30 13:59:07 - debug] SZSE.STK.300618 frozen position up to 1
[2024.04.30 13:59:07 - debug] 1 of SZSE.STK.300618 frozen released on 20180523
[2024.04.30 13:59:07 - debug] SZSE.STK.300618 frozen position up to 1
[2024.04.30 13:59:07 - debug] 1 of SZSE.STK.300618 frozen released on 20180528
[2024.04.30 13:59:07 - debug] SZSE.STK.300618 frozen position up to 1
[2024.04.30 13:59:07 - debug] 1 of SZSE.STK.300618 frozen released on 20180530
[2024.04.30 13:59:07 - error] Cannot short on SZSE.STK.300618
[2024.04.30 13:59:07 - error] Cannot short on SZSE.STK.300618
[2024.04.30 13:59:07 - debug] SZSE.STK.300618 frozen position up to 1
[2024.04.30 13:59:07 - debug] 1 of SZSE.STK.300618 frozen released on 20180608
[2024.04.30 13:59:07 - debug] SZSE.STK.300618 frozen position up to 1
[2024.04.30 13:59:07 - debug] 1 of SZSE.STK.300618 frozen released on 20180613
[2024.04.30 13:59:07 - debug] SZSE.STK.300618 frozen position up to 1
[2024.04.30 13:59:07 - debug] 1 of SZSE.STK.300618 frozen released on 20180615
[2024.04.30 13:59:07 - debug] SZSE.STK.300618 frozen position up to 1
[2024.04.30 13:59:07 - debug] 1 of SZSE.STK.300618 frozen released on 20180621
[2024.04.30 13:59:07 - debug] SZSE.STK.300618 frozen position up to 1
[2024.04.30 13:59:07 - debug] 1 of SZSE.STK.300618 frozen released on 20180626
[2024.04.30 13:59:07 - error] Cannot short on SZSE.STK.300618
[2024.04.30 13:59:07 - error] Cannot short on SZSE.STK.300618
[2024.04.30 13:59:07 - debug] SZSE.STK.300618 frozen position up to 1
[2024.04.30 13:59:07 - debug] 1 of SZSE.STK.300618 frozen released on 20180710
[2024.04.30 13:59:07 - debug] SZSE.STK.300618 frozen position up to 1
[2024.04.30 13:59:07 - debug] 1 of SZSE.STK.300618 frozen released on 20180723
[2024.04.30 13:59:07 - debug] SZSE.STK.300618 frozen position up to 1
[2024.04.30 13:59:07 - debug] 1 of SZSE.STK.300618 frozen released on 20180726
[2024.04.30 13:59:07 - error] Cannot short on SZSE.STK.300618
[2024.04.30 13:59:07 - debug] SZSE.STK.300618 frozen position up to 1
[2024.04.30 13:59:07 - debug] 1 of SZSE.STK.300618 frozen released on 20180801
[2024.04.30 13:59:07 - error] Cannot short on SZSE.STK.300618
[2024.04.30 13:59:07 - debug] SZSE.STK.300618 frozen position up to 1
[2024.04.30 13:59:07 - debug] 1 of SZSE.STK.300618 frozen released on 20180806
[2024.04.30 13:59:07 - error] Cannot short on SZSE.STK.300618
[2024.04.30 13:59:07 - error] Cannot short on SZSE.STK.300618
[2024.04.30 13:59:07 - debug] SZSE.STK.300618 frozen position up to 1
[2024.04.30 13:59:07 - debug] 1 of SZSE.STK.300618 frozen released on 20180813
[2024.04.30 13:59:07 - debug] SZSE.STK.300618 frozen position up to 1
[2024.04.30 13:59:07 - debug] 1 of SZSE.STK.300618 frozen released on 20180817
[2024.04.30 13:59:07 - debug] SZSE.STK.300618 frozen position up to 1
[2024.04.30 13:59:07 - debug] 1 of SZSE.STK.300618 frozen released on 20180821
[2024.04.30 13:59:07 - debug] SZSE.STK.300618 frozen position up to 1
[2024.04.30 13:59:07 - debug] 1 of SZSE.STK.300618 frozen released on 20180823
[2024.04.30 13:59:07 - debug] SZSE.STK.300618 frozen position up to 1
[2024.04.30 13:59:07 - debug] 1 of SZSE.STK.300618 frozen released on 20180829
[2024.04.30 13:59:07 - error] Cannot short on SZSE.STK.300618
[2024.04.30 13:59:07 - debug] SZSE.STK.300618 frozen position up to 1
[2024.04.30 13:59:07 - debug] 1 of SZSE.STK.300618 frozen released on 20180903
[2024.04.30 13:59:07 - debug] SZSE.STK.300618 frozen position up to 1
[2024.04.30 13:59:07 - debug] 1 of SZSE.STK.300618 frozen released on 20180905
[2024.04.30 13:59:07 - error] Cannot short on SZSE.STK.300618
[2024.04.30 13:59:07 - debug] SZSE.STK.300618 frozen position up to 1
[2024.04.30 13:59:07 - debug] 1 of SZSE.STK.300618 frozen released on 20180910
[2024.04.30 13:59:07 - error] Cannot short on SZSE.STK.300618
[2024.04.30 13:59:07 - debug] SZSE.STK.300618 frozen position up to 1
[2024.04.30 13:59:07 - debug] 1 of SZSE.STK.300618 frozen released on 20180913
[2024.04.30 13:59:07 - debug] SZSE.STK.300618 frozen position up to 1
[2024.04.30 13:59:07 - debug] 1 of SZSE.STK.300618 frozen released on 20180927
[2024.04.30 13:59:07 - error] Cannot short on SZSE.STK.300618
[2024.04.30 13:59:07 - error] Cannot short on SZSE.STK.300618
[2024.04.30 13:59:07 - debug] SZSE.STK.300618 frozen position up to 1
[2024.04.30 13:59:07 - debug] 1 of SZSE.STK.300618 frozen released on 20181010
[2024.04.30 13:59:07 - error] Cannot short on SZSE.STK.300618
[2024.04.30 13:59:07 - error] Cannot short on SZSE.STK.300618
[2024.04.30 13:59:07 - error] Cannot short on SZSE.STK.300618
[2024.04.30 13:59:07 - info ] Strategy has been scheduled 189 times, totally taking 9912 us, 52.444 us each time
[2024.04.30 13:59:07 - debug] Notify strategy the end of backtest
[2024.04.30 14:00:21 - debug] Calculating hook disabled
[2024.04.30 14:00:21 - info ] DualThrust inited
[2024.04.30 14:00:21 - debug] SZSE.STK.300618 frozen position up to 1
[2024.04.30 14:00:21 - debug] 1 of SZSE.STK.300618 frozen released on 20180104
[2024.04.30 14:00:21 - debug] SZSE.STK.300618 frozen position up to 1
[2024.04.30 14:00:21 - debug] 1 of SZSE.STK.300618 frozen released on 20180109
[2024.04.30 14:00:21 - error] Cannot short on SZSE.STK.300618
[2024.04.30 14:00:21 - debug] SZSE.STK.300618 frozen position up to 1
[2024.04.30 14:00:21 - debug] 1 of SZSE.STK.300618 frozen released on 20180117
[2024.04.30 14:00:21 - debug] SZSE.STK.300618 frozen position up to 1
[2024.04.30 14:00:21 - debug] 1 of SZSE.STK.300618 frozen released on 20180122
[2024.04.30 14:00:21 - debug] SZSE.STK.300618 frozen position up to 1
[2024.04.30 14:00:21 - debug] 1 of SZSE.STK.300618 frozen released on 20180124
[2024.04.30 14:00:21 - debug] SZSE.STK.300618 frozen position up to 1
[2024.04.30 14:00:21 - debug] 1 of SZSE.STK.300618 frozen released on 20180126
[2024.04.30 14:00:21 - debug] SZSE.STK.300618 frozen position up to 1
[2024.04.30 14:00:21 - debug] 1 of SZSE.STK.300618 frozen released on 20180202
[2024.04.30 14:00:21 - debug] SZSE.STK.300618 frozen position up to 1
[2024.04.30 14:00:21 - debug] 1 of SZSE.STK.300618 frozen released on 20180206
[2024.04.30 14:00:21 - error] Cannot short on SZSE.STK.300618
[2024.04.30 14:00:21 - debug] SZSE.STK.300618 frozen position up to 1
[2024.04.30 14:00:21 - debug] 1 of SZSE.STK.300618 frozen released on 20180212
[2024.04.30 14:00:21 - debug] SZSE.STK.300618 frozen position up to 1
[2024.04.30 14:00:21 - debug] 1 of SZSE.STK.300618 frozen released on 20180222
[2024.04.30 14:00:21 - debug] SZSE.STK.300618 frozen position up to 1
[2024.04.30 14:00:21 - debug] 1 of SZSE.STK.300618 frozen released on 20180226
[2024.04.30 14:00:21 - debug] SZSE.STK.300618 frozen position up to 1
[2024.04.30 14:00:21 - debug] 1 of SZSE.STK.300618 frozen released on 20180228
[2024.04.30 14:00:21 - debug] SZSE.STK.300618 frozen position up to 1
[2024.04.30 14:00:21 - debug] 1 of SZSE.STK.300618 frozen released on 20180308
[2024.04.30 14:00:21 - debug] SZSE.STK.300618 frozen position up to 1
[2024.04.30 14:00:21 - debug] 1 of SZSE.STK.300618 frozen released on 20180312
[2024.04.30 14:00:21 - debug] SZSE.STK.300618 frozen position up to 1
[2024.04.30 14:00:21 - debug] 1 of SZSE.STK.300618 frozen released on 20180316
[2024.04.30 14:00:21 - error] Cannot short on SZSE.STK.300618
[2024.04.30 14:00:21 - debug] SZSE.STK.300618 frozen position up to 1
[2024.04.30 14:00:21 - debug] 1 of SZSE.STK.300618 frozen released on 20180321
[2024.04.30 14:00:21 - debug] SZSE.STK.300618 frozen position up to 1
[2024.04.30 14:00:21 - debug] 1 of SZSE.STK.300618 frozen released on 20180326
[2024.04.30 14:00:21 - debug] SZSE.STK.300618 frozen position up to 1
[2024.04.30 14:00:21 - debug] 1 of SZSE.STK.300618 frozen released on 20180328
[2024.04.30 14:00:21 - debug] SZSE.STK.300618 frozen position up to 1
[2024.04.30 14:00:21 - debug] 1 of SZSE.STK.300618 frozen released on 20180330
[2024.04.30 14:00:21 - error] Cannot short on SZSE.STK.300618
[2024.04.30 14:00:21 - error] Cannot short on SZSE.STK.300618
[2024.04.30 14:00:21 - debug] SZSE.STK.300618 frozen position up to 1
[2024.04.30 14:00:21 - debug] 1 of SZSE.STK.300618 frozen released on 20180409
[2024.04.30 14:00:21 - debug] SZSE.STK.300618 frozen position up to 1
[2024.04.30 14:00:21 - debug] 1 of SZSE.STK.300618 frozen released on 20180411
[2024.04.30 14:00:21 - error] Cannot short on SZSE.STK.300618
[2024.04.30 14:00:21 - error] Cannot short on SZSE.STK.300618
[2024.04.30 14:00:21 - debug] SZSE.STK.300618 frozen position up to 1
[2024.04.30 14:00:21 - debug] 1 of SZSE.STK.300618 frozen released on 20180417
[2024.04.30 14:00:21 - debug] SZSE.STK.300618 frozen position up to 1
[2024.04.30 14:00:21 - debug] 1 of SZSE.STK.300618 frozen released on 20180420
[2024.04.30 14:00:21 - debug] SZSE.STK.300618 frozen position up to 1
[2024.04.30 14:00:21 - debug] 1 of SZSE.STK.300618 frozen released on 20180424
[2024.04.30 14:00:21 - debug] SZSE.STK.300618 frozen position up to 1
[2024.04.30 14:00:21 - debug] 1 of SZSE.STK.300618 frozen released on 20180503
[2024.04.30 14:00:21 - error] Cannot short on SZSE.STK.300618
[2024.04.30 14:00:21 - debug] SZSE.STK.300618 frozen position up to 1
[2024.04.30 14:00:21 - debug] 1 of SZSE.STK.300618 frozen released on 20180508
[2024.04.30 14:00:21 - debug] SZSE.STK.300618 frozen position up to 1
[2024.04.30 14:00:21 - debug] 1 of SZSE.STK.300618 frozen released on 20180511
[2024.04.30 14:00:21 - debug] SZSE.STK.300618 frozen position up to 1
[2024.04.30 14:00:21 - debug] 1 of SZSE.STK.300618 frozen released on 20180515
[2024.04.30 14:00:21 - debug] SZSE.STK.300618 frozen position up to 1
[2024.04.30 14:00:21 - debug] 1 of SZSE.STK.300618 frozen released on 20180517
[2024.04.30 14:00:21 - debug] SZSE.STK.300618 frozen position up to 1
[2024.04.30 14:00:21 - debug] 1 of SZSE.STK.300618 frozen released on 20180521
[2024.04.30 14:00:21 - debug] SZSE.STK.300618 frozen position up to 1
[2024.04.30 14:00:21 - debug] 1 of SZSE.STK.300618 frozen released on 20180523
[2024.04.30 14:00:21 - debug] SZSE.STK.300618 frozen position up to 1
[2024.04.30 14:00:21 - debug] 1 of SZSE.STK.300618 frozen released on 20180525
[2024.04.30 14:00:21 - error] Cannot short on SZSE.STK.300618
[2024.04.30 14:00:21 - debug] SZSE.STK.300618 frozen position up to 1
[2024.04.30 14:00:21 - debug] 1 of SZSE.STK.300618 frozen released on 20180530
[2024.04.30 14:00:21 - error] Cannot short on SZSE.STK.300618
[2024.04.30 14:00:21 - error] Cannot short on SZSE.STK.300618
[2024.04.30 14:00:21 - debug] SZSE.STK.300618 frozen position up to 1
[2024.04.30 14:00:21 - debug] 1 of SZSE.STK.300618 frozen released on 20180606
[2024.04.30 14:00:21 - error] Cannot short on SZSE.STK.300618
[2024.04.30 14:00:21 - debug] SZSE.STK.300618 frozen position up to 1
[2024.04.30 14:00:21 - debug] 1 of SZSE.STK.300618 frozen released on 20180613
[2024.04.30 14:00:21 - debug] SZSE.STK.300618 frozen position up to 1
[2024.04.30 14:00:21 - debug] 1 of SZSE.STK.300618 frozen released on 20180615
[2024.04.30 14:00:21 - debug] SZSE.STK.300618 frozen position up to 1
[2024.04.30 14:00:21 - debug] 1 of SZSE.STK.300618 frozen released on 20180620
[2024.04.30 14:00:21 - debug] SZSE.STK.300618 frozen position up to 1
[2024.04.30 14:00:21 - debug] 1 of SZSE.STK.300618 frozen released on 20180622
[2024.04.30 14:00:21 - debug] SZSE.STK.300618 frozen position up to 1
[2024.04.30 14:00:21 - debug] 1 of SZSE.STK.300618 frozen released on 20180626
[2024.04.30 14:00:21 - debug] SZSE.STK.300618 frozen position up to 1
[2024.04.30 14:00:21 - debug] 1 of SZSE.STK.300618 frozen released on 20180628
[2024.04.30 14:00:21 - debug] SZSE.STK.300618 frozen position up to 1
[2024.04.30 14:00:21 - debug] 1 of SZSE.STK.300618 frozen released on 20180702
[2024.04.30 14:00:21 - error] Cannot short on SZSE.STK.300618
[2024.04.30 14:00:21 - debug] SZSE.STK.300618 frozen position up to 1
[2024.04.30 14:00:21 - debug] 1 of SZSE.STK.300618 frozen released on 20180709
[2024.04.30 14:00:21 - debug] SZSE.STK.300618 frozen position up to 1
[2024.04.30 14:00:21 - debug] 1 of SZSE.STK.300618 frozen released on 20180712
[2024.04.30 14:00:21 - debug] SZSE.STK.300618 frozen position up to 1
[2024.04.30 14:00:21 - debug] 1 of SZSE.STK.300618 frozen released on 20180723
[2024.04.30 14:00:21 - debug] SZSE.STK.300618 frozen position up to 1
[2024.04.30 14:00:21 - debug] 1 of SZSE.STK.300618 frozen released on 20180726
[2024.04.30 14:00:21 - debug] SZSE.STK.300618 frozen position up to 1
[2024.04.30 14:00:21 - debug] 1 of SZSE.STK.300618 frozen released on 20180730
[2024.04.30 14:00:21 - debug] SZSE.STK.300618 frozen position up to 1
[2024.04.30 14:00:21 - debug] 1 of SZSE.STK.300618 frozen released on 20180801
[2024.04.30 14:00:21 - debug] SZSE.STK.300618 frozen position up to 1
[2024.04.30 14:00:21 - debug] 1 of SZSE.STK.300618 frozen released on 20180803
[2024.04.30 14:00:21 - error] Cannot short on SZSE.STK.300618
[2024.04.30 14:00:21 - debug] SZSE.STK.300618 frozen position up to 1
[2024.04.30 14:00:21 - debug] 1 of SZSE.STK.300618 frozen released on 20180808
[2024.04.30 14:00:21 - error] Cannot short on SZSE.STK.300618
[2024.04.30 14:00:21 - debug] SZSE.STK.300618 frozen position up to 1
[2024.04.30 14:00:21 - debug] 1 of SZSE.STK.300618 frozen released on 20180813
[2024.04.30 14:00:21 - error] Cannot short on SZSE.STK.300618
[2024.04.30 14:00:21 - debug] SZSE.STK.300618 frozen position up to 1
[2024.04.30 14:00:21 - debug] 1 of SZSE.STK.300618 frozen released on 20180817
[2024.04.30 14:00:21 - debug] SZSE.STK.300618 frozen position up to 1
[2024.04.30 14:00:21 - debug] 1 of SZSE.STK.300618 frozen released on 20180821
[2024.04.30 14:00:21 - debug] SZSE.STK.300618 frozen position up to 1
[2024.04.30 14:00:21 - debug] 1 of SZSE.STK.300618 frozen released on 20180823
[2024.04.30 14:00:21 - debug] SZSE.STK.300618 frozen position up to 1
[2024.04.30 14:00:21 - debug] 1 of SZSE.STK.300618 frozen released on 20180827
[2024.04.30 14:00:21 - debug] SZSE.STK.300618 frozen position up to 1
[2024.04.30 14:00:21 - debug] 1 of SZSE.STK.300618 frozen released on 20180829
[2024.04.30 14:00:21 - error] Cannot short on SZSE.STK.300618
[2024.04.30 14:00:21 - debug] SZSE.STK.300618 frozen position up to 1
[2024.04.30 14:00:21 - debug] 1 of SZSE.STK.300618 frozen released on 20180903
[2024.04.30 14:00:21 - debug] SZSE.STK.300618 frozen position up to 1
[2024.04.30 14:00:21 - debug] 1 of SZSE.STK.300618 frozen released on 20180905
[2024.04.30 14:00:21 - error] Cannot short on SZSE.STK.300618
[2024.04.30 14:00:21 - debug] SZSE.STK.300618 frozen position up to 1
[2024.04.30 14:00:21 - debug] 1 of SZSE.STK.300618 frozen released on 20180910
[2024.04.30 14:00:21 - debug] SZSE.STK.300618 frozen position up to 1
[2024.04.30 14:00:21 - debug] 1 of SZSE.STK.300618 frozen released on 20180912
[2024.04.30 14:00:21 - debug] SZSE.STK.300618 frozen position up to 1
[2024.04.30 14:00:21 - debug] 1 of SZSE.STK.300618 frozen released on 20180917
[2024.04.30 14:00:21 - debug] SZSE.STK.300618 frozen position up to 1
[2024.04.30 14:00:21 - debug] 1 of SZSE.STK.300618 frozen released on 20180919
[2024.04.30 14:00:21 - debug] SZSE.STK.300618 frozen position up to 1
[2024.04.30 14:00:21 - debug] 1 of SZSE.STK.300618 frozen released on 20180927
[2024.04.30 14:00:21 - error] Cannot short on SZSE.STK.300618
[2024.04.30 14:00:21 - error] Cannot short on SZSE.STK.300618
[2024.04.30 14:00:21 - debug] SZSE.STK.300618 frozen position up to 1
[2024.04.30 14:00:21 - debug] 1 of SZSE.STK.300618 frozen released on 20181010
[2024.04.30 14:00:21 - error] Cannot short on SZSE.STK.300618
[2024.04.30 14:00:21 - debug] SZSE.STK.300618 frozen position up to 1
[2024.04.30 14:00:21 - debug] 1 of SZSE.STK.300618 frozen released on 20181015
[2024.04.30 14:00:21 - info ] Strategy has been scheduled 189 times, totally taking 17049 us, 90.206 us each time
[2024.04.30 14:00:21 - debug] Notify strategy the end of backtest
[2024.04.30 14:15:29 - debug] Calculating hook disabled
[2024.04.30 14:15:29 - info ] DualThrust inited
[2024.04.30 14:15:29 - debug] SZSE.STK.300618 frozen position up to 1
[2024.04.30 14:15:29 - debug] 1 of SZSE.STK.300618 frozen released on 20180104
[2024.04.30 14:15:29 - debug] SZSE.STK.300618 frozen position up to 1
[2024.04.30 14:15:29 - debug] 1 of SZSE.STK.300618 frozen released on 20180109
[2024.04.30 14:15:29 - error] Cannot short on SZSE.STK.300618
[2024.04.30 14:15:29 - debug] SZSE.STK.300618 frozen position up to 1
[2024.04.30 14:15:29 - debug] 1 of SZSE.STK.300618 frozen released on 20180117
[2024.04.30 14:15:29 - debug] SZSE.STK.300618 frozen position up to 1
[2024.04.30 14:15:29 - debug] 1 of SZSE.STK.300618 frozen released on 20180122
[2024.04.30 14:15:29 - debug] SZSE.STK.300618 frozen position up to 1
[2024.04.30 14:15:29 - debug] 1 of SZSE.STK.300618 frozen released on 20180124
[2024.04.30 14:15:29 - debug] SZSE.STK.300618 frozen position up to 1
[2024.04.30 14:15:29 - debug] 1 of SZSE.STK.300618 frozen released on 20180126
[2024.04.30 14:15:29 - debug] SZSE.STK.300618 frozen position up to 1
[2024.04.30 14:15:29 - debug] 1 of SZSE.STK.300618 frozen released on 20180202
[2024.04.30 14:15:29 - debug] SZSE.STK.300618 frozen position up to 1
[2024.04.30 14:15:29 - debug] 1 of SZSE.STK.300618 frozen released on 20180206
[2024.04.30 14:15:29 - error] Cannot short on SZSE.STK.300618
[2024.04.30 14:15:29 - debug] SZSE.STK.300618 frozen position up to 1
[2024.04.30 14:15:29 - debug] 1 of SZSE.STK.300618 frozen released on 20180212
[2024.04.30 14:15:29 - debug] SZSE.STK.300618 frozen position up to 1
[2024.04.30 14:15:29 - debug] 1 of SZSE.STK.300618 frozen released on 20180222
[2024.04.30 14:15:29 - debug] SZSE.STK.300618 frozen position up to 1
[2024.04.30 14:15:29 - debug] 1 of SZSE.STK.300618 frozen released on 20180226
[2024.04.30 14:15:29 - debug] SZSE.STK.300618 frozen position up to 1
[2024.04.30 14:15:29 - debug] 1 of SZSE.STK.300618 frozen released on 20180228
[2024.04.30 14:15:29 - debug] SZSE.STK.300618 frozen position up to 1
[2024.04.30 14:15:29 - debug] 1 of SZSE.STK.300618 frozen released on 20180308
[2024.04.30 14:15:29 - debug] SZSE.STK.300618 frozen position up to 1
[2024.04.30 14:15:29 - debug] 1 of SZSE.STK.300618 frozen released on 20180312
[2024.04.30 14:15:29 - debug] SZSE.STK.300618 frozen position up to 1
[2024.04.30 14:15:29 - debug] 1 of SZSE.STK.300618 frozen released on 20180316
[2024.04.30 14:15:29 - error] Cannot short on SZSE.STK.300618
[2024.04.30 14:15:29 - debug] SZSE.STK.300618 frozen position up to 1
[2024.04.30 14:15:29 - debug] 1 of SZSE.STK.300618 frozen released on 20180321
[2024.04.30 14:15:29 - debug] SZSE.STK.300618 frozen position up to 1
[2024.04.30 14:15:29 - debug] 1 of SZSE.STK.300618 frozen released on 20180326
[2024.04.30 14:15:29 - debug] SZSE.STK.300618 frozen position up to 1
[2024.04.30 14:15:29 - debug] 1 of SZSE.STK.300618 frozen released on 20180328
[2024.04.30 14:15:29 - debug] SZSE.STK.300618 frozen position up to 1
[2024.04.30 14:15:29 - debug] 1 of SZSE.STK.300618 frozen released on 20180330
[2024.04.30 14:15:29 - error] Cannot short on SZSE.STK.300618
[2024.04.30 14:15:29 - error] Cannot short on SZSE.STK.300618
[2024.04.30 14:15:29 - debug] SZSE.STK.300618 frozen position up to 1
[2024.04.30 14:15:29 - debug] 1 of SZSE.STK.300618 frozen released on 20180409
[2024.04.30 14:15:29 - debug] SZSE.STK.300618 frozen position up to 1
[2024.04.30 14:15:29 - debug] 1 of SZSE.STK.300618 frozen released on 20180411
[2024.04.30 14:15:29 - error] Cannot short on SZSE.STK.300618
[2024.04.30 14:15:29 - error] Cannot short on SZSE.STK.300618
[2024.04.30 14:15:29 - debug] SZSE.STK.300618 frozen position up to 1
[2024.04.30 14:15:29 - debug] 1 of SZSE.STK.300618 frozen released on 20180417
[2024.04.30 14:15:29 - debug] SZSE.STK.300618 frozen position up to 1
[2024.04.30 14:15:29 - debug] 1 of SZSE.STK.300618 frozen released on 20180420
[2024.04.30 14:15:29 - debug] SZSE.STK.300618 frozen position up to 1
[2024.04.30 14:15:29 - debug] 1 of SZSE.STK.300618 frozen released on 20180424
[2024.04.30 14:15:29 - debug] SZSE.STK.300618 frozen position up to 1
[2024.04.30 14:15:29 - debug] 1 of SZSE.STK.300618 frozen released on 20180503
[2024.04.30 14:15:29 - error] Cannot short on SZSE.STK.300618
[2024.04.30 14:15:29 - debug] SZSE.STK.300618 frozen position up to 1
[2024.04.30 14:15:29 - debug] 1 of SZSE.STK.300618 frozen released on 20180508
[2024.04.30 14:15:29 - debug] SZSE.STK.300618 frozen position up to 1
[2024.04.30 14:15:29 - debug] 1 of SZSE.STK.300618 frozen released on 20180511
[2024.04.30 14:15:29 - debug] SZSE.STK.300618 frozen position up to 1
[2024.04.30 14:15:29 - debug] 1 of SZSE.STK.300618 frozen released on 20180515
[2024.04.30 14:15:29 - debug] SZSE.STK.300618 frozen position up to 1
[2024.04.30 14:15:29 - debug] 1 of SZSE.STK.300618 frozen released on 20180517
[2024.04.30 14:15:29 - debug] SZSE.STK.300618 frozen position up to 1
[2024.04.30 14:15:29 - debug] 1 of SZSE.STK.300618 frozen released on 20180521
[2024.04.30 14:15:29 - debug] SZSE.STK.300618 frozen position up to 1
[2024.04.30 14:15:29 - debug] 1 of SZSE.STK.300618 frozen released on 20180523
[2024.04.30 14:15:29 - debug] SZSE.STK.300618 frozen position up to 1
[2024.04.30 14:15:29 - debug] 1 of SZSE.STK.300618 frozen released on 20180525
[2024.04.30 14:15:29 - error] Cannot short on SZSE.STK.300618
[2024.04.30 14:15:29 - debug] SZSE.STK.300618 frozen position up to 1
[2024.04.30 14:15:29 - debug] 1 of SZSE.STK.300618 frozen released on 20180530
[2024.04.30 14:15:29 - error] Cannot short on SZSE.STK.300618
[2024.04.30 14:15:29 - error] Cannot short on SZSE.STK.300618
[2024.04.30 14:15:29 - debug] SZSE.STK.300618 frozen position up to 1
[2024.04.30 14:15:29 - debug] 1 of SZSE.STK.300618 frozen released on 20180606
[2024.04.30 14:15:29 - error] Cannot short on SZSE.STK.300618
[2024.04.30 14:15:29 - debug] SZSE.STK.300618 frozen position up to 1
[2024.04.30 14:15:29 - debug] 1 of SZSE.STK.300618 frozen released on 20180613
[2024.04.30 14:15:29 - debug] SZSE.STK.300618 frozen position up to 1
[2024.04.30 14:15:29 - debug] 1 of SZSE.STK.300618 frozen released on 20180615
[2024.04.30 14:15:29 - debug] SZSE.STK.300618 frozen position up to 1
[2024.04.30 14:15:29 - debug] 1 of SZSE.STK.300618 frozen released on 20180620
[2024.04.30 14:15:29 - debug] SZSE.STK.300618 frozen position up to 1
[2024.04.30 14:15:29 - debug] 1 of SZSE.STK.300618 frozen released on 20180622
[2024.04.30 14:15:29 - debug] SZSE.STK.300618 frozen position up to 1
[2024.04.30 14:15:29 - debug] 1 of SZSE.STK.300618 frozen released on 20180626
[2024.04.30 14:15:29 - debug] SZSE.STK.300618 frozen position up to 1
[2024.04.30 14:15:29 - debug] 1 of SZSE.STK.300618 frozen released on 20180628
[2024.04.30 14:15:29 - debug] SZSE.STK.300618 frozen position up to 1
[2024.04.30 14:15:29 - debug] 1 of SZSE.STK.300618 frozen released on 20180702
[2024.04.30 14:15:29 - error] Cannot short on SZSE.STK.300618
[2024.04.30 14:15:29 - debug] SZSE.STK.300618 frozen position up to 1
[2024.04.30 14:15:29 - debug] 1 of SZSE.STK.300618 frozen released on 20180709
[2024.04.30 14:15:29 - debug] SZSE.STK.300618 frozen position up to 1
[2024.04.30 14:15:29 - debug] 1 of SZSE.STK.300618 frozen released on 20180712
[2024.04.30 14:15:29 - debug] SZSE.STK.300618 frozen position up to 1
[2024.04.30 14:15:29 - debug] 1 of SZSE.STK.300618 frozen released on 20180723
[2024.04.30 14:15:29 - debug] SZSE.STK.300618 frozen position up to 1
[2024.04.30 14:15:29 - debug] 1 of SZSE.STK.300618 frozen released on 20180726
[2024.04.30 14:15:29 - debug] SZSE.STK.300618 frozen position up to 1
[2024.04.30 14:15:29 - debug] 1 of SZSE.STK.300618 frozen released on 20180730
[2024.04.30 14:15:29 - debug] SZSE.STK.300618 frozen position up to 1
[2024.04.30 14:15:29 - debug] 1 of SZSE.STK.300618 frozen released on 20180801
[2024.04.30 14:15:29 - debug] SZSE.STK.300618 frozen position up to 1
[2024.04.30 14:15:29 - debug] 1 of SZSE.STK.300618 frozen released on 20180803
[2024.04.30 14:15:29 - error] Cannot short on SZSE.STK.300618
[2024.04.30 14:15:29 - debug] SZSE.STK.300618 frozen position up to 1
[2024.04.30 14:15:29 - debug] 1 of SZSE.STK.300618 frozen released on 20180808
[2024.04.30 14:15:29 - error] Cannot short on SZSE.STK.300618
[2024.04.30 14:15:29 - debug] SZSE.STK.300618 frozen position up to 1
[2024.04.30 14:15:29 - debug] 1 of SZSE.STK.300618 frozen released on 20180813
[2024.04.30 14:15:29 - error] Cannot short on SZSE.STK.300618
[2024.04.30 14:15:29 - debug] SZSE.STK.300618 frozen position up to 1
[2024.04.30 14:15:29 - debug] 1 of SZSE.STK.300618 frozen released on 20180817
[2024.04.30 14:15:29 - debug] SZSE.STK.300618 frozen position up to 1
[2024.04.30 14:15:29 - debug] 1 of SZSE.STK.300618 frozen released on 20180821
[2024.04.30 14:15:29 - debug] SZSE.STK.300618 frozen position up to 1
[2024.04.30 14:15:29 - debug] 1 of SZSE.STK.300618 frozen released on 20180823
[2024.04.30 14:15:29 - debug] SZSE.STK.300618 frozen position up to 1
[2024.04.30 14:15:29 - debug] 1 of SZSE.STK.300618 frozen released on 20180827
[2024.04.30 14:15:29 - debug] SZSE.STK.300618 frozen position up to 1
[2024.04.30 14:15:29 - debug] 1 of SZSE.STK.300618 frozen released on 20180829
[2024.04.30 14:15:29 - error] Cannot short on SZSE.STK.300618
[2024.04.30 14:15:29 - debug] SZSE.STK.300618 frozen position up to 1
[2024.04.30 14:15:29 - debug] 1 of SZSE.STK.300618 frozen released on 20180903
[2024.04.30 14:15:29 - debug] SZSE.STK.300618 frozen position up to 1
[2024.04.30 14:15:29 - debug] 1 of SZSE.STK.300618 frozen released on 20180905
[2024.04.30 14:15:29 - error] Cannot short on SZSE.STK.300618
[2024.04.30 14:15:29 - debug] SZSE.STK.300618 frozen position up to 1
[2024.04.30 14:15:29 - debug] 1 of SZSE.STK.300618 frozen released on 20180910
[2024.04.30 14:15:29 - debug] SZSE.STK.300618 frozen position up to 1
[2024.04.30 14:15:29 - debug] 1 of SZSE.STK.300618 frozen released on 20180912
[2024.04.30 14:15:29 - debug] SZSE.STK.300618 frozen position up to 1
[2024.04.30 14:15:29 - debug] 1 of SZSE.STK.300618 frozen released on 20180917
[2024.04.30 14:15:29 - debug] SZSE.STK.300618 frozen position up to 1
[2024.04.30 14:15:29 - debug] 1 of SZSE.STK.300618 frozen released on 20180919
[2024.04.30 14:15:29 - debug] SZSE.STK.300618 frozen position up to 1
[2024.04.30 14:15:29 - debug] 1 of SZSE.STK.300618 frozen released on 20180927
[2024.04.30 14:15:29 - error] Cannot short on SZSE.STK.300618
[2024.04.30 14:15:29 - error] Cannot short on SZSE.STK.300618
[2024.04.30 14:15:29 - debug] SZSE.STK.300618 frozen position up to 1
[2024.04.30 14:15:29 - debug] 1 of SZSE.STK.300618 frozen released on 20181010
[2024.04.30 14:15:29 - error] Cannot short on SZSE.STK.300618
[2024.04.30 14:15:29 - debug] SZSE.STK.300618 frozen position up to 1
[2024.04.30 14:15:29 - debug] 1 of SZSE.STK.300618 frozen released on 20181015
[2024.04.30 14:15:29 - info ] Strategy has been scheduled 189 times, totally taking 10075 us, 53.307 us each time
[2024.04.30 14:15:29 - debug] Notify strategy the end of backtest
[2024.04.30 14:16:58 - debug] Calculating hook disabled
[2024.04.30 14:16:58 - info ] DualThrust inited
[2024.04.30 14:16:58 - debug] SZSE.STK.300618 frozen position up to 1
[2024.04.30 14:16:58 - debug] 1 of SZSE.STK.300618 frozen released on 20180104
[2024.04.30 14:16:58 - debug] SZSE.STK.300618 frozen position up to 1
[2024.04.30 14:16:58 - debug] 1 of SZSE.STK.300618 frozen released on 20180109
[2024.04.30 14:16:58 - error] Cannot short on SZSE.STK.300618
[2024.04.30 14:16:58 - debug] SZSE.STK.300618 frozen position up to 1
[2024.04.30 14:16:58 - debug] 1 of SZSE.STK.300618 frozen released on 20180117
[2024.04.30 14:16:58 - debug] SZSE.STK.300618 frozen position up to 1
[2024.04.30 14:16:58 - debug] 1 of SZSE.STK.300618 frozen released on 20180122
[2024.04.30 14:16:58 - debug] SZSE.STK.300618 frozen position up to 1
[2024.04.30 14:16:58 - debug] 1 of SZSE.STK.300618 frozen released on 20180124
[2024.04.30 14:16:58 - debug] SZSE.STK.300618 frozen position up to 1
[2024.04.30 14:16:58 - debug] 1 of SZSE.STK.300618 frozen released on 20180126
[2024.04.30 14:16:58 - debug] SZSE.STK.300618 frozen position up to 1
[2024.04.30 14:16:58 - debug] 1 of SZSE.STK.300618 frozen released on 20180202
[2024.04.30 14:16:58 - debug] SZSE.STK.300618 frozen position up to 1
[2024.04.30 14:16:58 - debug] 1 of SZSE.STK.300618 frozen released on 20180206
[2024.04.30 14:16:58 - error] Cannot short on SZSE.STK.300618
[2024.04.30 14:16:58 - debug] SZSE.STK.300618 frozen position up to 1
[2024.04.30 14:16:58 - debug] 1 of SZSE.STK.300618 frozen released on 20180212
[2024.04.30 14:16:58 - debug] SZSE.STK.300618 frozen position up to 1
[2024.04.30 14:16:58 - debug] 1 of SZSE.STK.300618 frozen released on 20180222
[2024.04.30 14:16:58 - debug] SZSE.STK.300618 frozen position up to 1
[2024.04.30 14:16:58 - debug] 1 of SZSE.STK.300618 frozen released on 20180226
[2024.04.30 14:16:58 - debug] SZSE.STK.300618 frozen position up to 1
[2024.04.30 14:16:58 - debug] 1 of SZSE.STK.300618 frozen released on 20180228
[2024.04.30 14:16:58 - debug] SZSE.STK.300618 frozen position up to 1
[2024.04.30 14:16:58 - debug] 1 of SZSE.STK.300618 frozen released on 20180308
[2024.04.30 14:16:58 - debug] SZSE.STK.300618 frozen position up to 1
[2024.04.30 14:16:58 - debug] 1 of SZSE.STK.300618 frozen released on 20180312
[2024.04.30 14:16:58 - debug] SZSE.STK.300618 frozen position up to 1
[2024.04.30 14:16:58 - debug] 1 of SZSE.STK.300618 frozen released on 20180316
[2024.04.30 14:16:58 - error] Cannot short on SZSE.STK.300618
[2024.04.30 14:16:58 - debug] SZSE.STK.300618 frozen position up to 1
[2024.04.30 14:16:58 - debug] 1 of SZSE.STK.300618 frozen released on 20180321
[2024.04.30 14:16:58 - debug] SZSE.STK.300618 frozen position up to 1
[2024.04.30 14:16:58 - debug] 1 of SZSE.STK.300618 frozen released on 20180326
[2024.04.30 14:16:58 - debug] SZSE.STK.300618 frozen position up to 1
[2024.04.30 14:16:58 - debug] 1 of SZSE.STK.300618 frozen released on 20180328
[2024.04.30 14:16:58 - debug] SZSE.STK.300618 frozen position up to 1
[2024.04.30 14:16:58 - debug] 1 of SZSE.STK.300618 frozen released on 20180330
[2024.04.30 14:16:58 - error] Cannot short on SZSE.STK.300618
[2024.04.30 14:16:58 - error] Cannot short on SZSE.STK.300618
[2024.04.30 14:16:58 - debug] SZSE.STK.300618 frozen position up to 1
[2024.04.30 14:16:58 - debug] 1 of SZSE.STK.300618 frozen released on 20180409
[2024.04.30 14:16:58 - debug] SZSE.STK.300618 frozen position up to 1
[2024.04.30 14:16:58 - debug] 1 of SZSE.STK.300618 frozen released on 20180411
[2024.04.30 14:16:58 - error] Cannot short on SZSE.STK.300618
[2024.04.30 14:16:58 - error] Cannot short on SZSE.STK.300618
[2024.04.30 14:16:58 - debug] SZSE.STK.300618 frozen position up to 1
[2024.04.30 14:16:58 - debug] 1 of SZSE.STK.300618 frozen released on 20180417
[2024.04.30 14:16:58 - debug] SZSE.STK.300618 frozen position up to 1
[2024.04.30 14:16:58 - debug] 1 of SZSE.STK.300618 frozen released on 20180420
[2024.04.30 14:16:58 - debug] SZSE.STK.300618 frozen position up to 1
[2024.04.30 14:16:58 - debug] 1 of SZSE.STK.300618 frozen released on 20180424
[2024.04.30 14:16:58 - debug] SZSE.STK.300618 frozen position up to 1
[2024.04.30 14:16:58 - debug] 1 of SZSE.STK.300618 frozen released on 20180503
[2024.04.30 14:16:58 - error] Cannot short on SZSE.STK.300618
[2024.04.30 14:16:58 - debug] SZSE.STK.300618 frozen position up to 1
[2024.04.30 14:16:58 - debug] 1 of SZSE.STK.300618 frozen released on 20180508
[2024.04.30 14:16:58 - debug] SZSE.STK.300618 frozen position up to 1
[2024.04.30 14:16:58 - debug] 1 of SZSE.STK.300618 frozen released on 20180511
[2024.04.30 14:16:58 - debug] SZSE.STK.300618 frozen position up to 1
[2024.04.30 14:16:58 - debug] 1 of SZSE.STK.300618 frozen released on 20180515
[2024.04.30 14:16:58 - debug] SZSE.STK.300618 frozen position up to 1
[2024.04.30 14:16:58 - debug] 1 of SZSE.STK.300618 frozen released on 20180517
[2024.04.30 14:16:58 - debug] SZSE.STK.300618 frozen position up to 1
[2024.04.30 14:16:58 - debug] 1 of SZSE.STK.300618 frozen released on 20180521
[2024.04.30 14:16:58 - debug] SZSE.STK.300618 frozen position up to 1
[2024.04.30 14:16:58 - debug] 1 of SZSE.STK.300618 frozen released on 20180523
[2024.04.30 14:16:58 - debug] SZSE.STK.300618 frozen position up to 1
[2024.04.30 14:16:58 - debug] 1 of SZSE.STK.300618 frozen released on 20180525
[2024.04.30 14:16:58 - error] Cannot short on SZSE.STK.300618
[2024.04.30 14:16:58 - debug] SZSE.STK.300618 frozen position up to 1
[2024.04.30 14:16:58 - debug] 1 of SZSE.STK.300618 frozen released on 20180530
[2024.04.30 14:16:58 - error] Cannot short on SZSE.STK.300618
[2024.04.30 14:16:58 - error] Cannot short on SZSE.STK.300618
[2024.04.30 14:16:58 - debug] SZSE.STK.300618 frozen position up to 1
[2024.04.30 14:16:58 - debug] 1 of SZSE.STK.300618 frozen released on 20180606
[2024.04.30 14:16:58 - error] Cannot short on SZSE.STK.300618
[2024.04.30 14:16:58 - debug] SZSE.STK.300618 frozen position up to 1
[2024.04.30 14:16:58 - debug] 1 of SZSE.STK.300618 frozen released on 20180613
[2024.04.30 14:16:58 - debug] SZSE.STK.300618 frozen position up to 1
[2024.04.30 14:16:58 - debug] 1 of SZSE.STK.300618 frozen released on 20180615
[2024.04.30 14:16:58 - debug] SZSE.STK.300618 frozen position up to 1
[2024.04.30 14:16:58 - debug] 1 of SZSE.STK.300618 frozen released on 20180620
[2024.04.30 14:16:58 - debug] SZSE.STK.300618 frozen position up to 1
[2024.04.30 14:16:58 - debug] 1 of SZSE.STK.300618 frozen released on 20180622
[2024.04.30 14:16:58 - debug] SZSE.STK.300618 frozen position up to 1
[2024.04.30 14:16:58 - debug] 1 of SZSE.STK.300618 frozen released on 20180626
[2024.04.30 14:16:58 - debug] SZSE.STK.300618 frozen position up to 1
[2024.04.30 14:16:58 - debug] 1 of SZSE.STK.300618 frozen released on 20180628
[2024.04.30 14:16:58 - debug] SZSE.STK.300618 frozen position up to 1
[2024.04.30 14:16:58 - debug] 1 of SZSE.STK.300618 frozen released on 20180702
[2024.04.30 14:16:58 - error] Cannot short on SZSE.STK.300618
[2024.04.30 14:16:58 - debug] SZSE.STK.300618 frozen position up to 1
[2024.04.30 14:16:58 - debug] 1 of SZSE.STK.300618 frozen released on 20180709
[2024.04.30 14:16:58 - debug] SZSE.STK.300618 frozen position up to 1
[2024.04.30 14:16:58 - debug] 1 of SZSE.STK.300618 frozen released on 20180712
[2024.04.30 14:16:58 - debug] SZSE.STK.300618 frozen position up to 1
[2024.04.30 14:16:58 - debug] 1 of SZSE.STK.300618 frozen released on 20180723
[2024.04.30 14:16:58 - debug] SZSE.STK.300618 frozen position up to 1
[2024.04.30 14:16:58 - debug] 1 of SZSE.STK.300618 frozen released on 20180726
[2024.04.30 14:16:58 - debug] SZSE.STK.300618 frozen position up to 1
[2024.04.30 14:16:58 - debug] 1 of SZSE.STK.300618 frozen released on 20180730
[2024.04.30 14:16:58 - debug] SZSE.STK.300618 frozen position up to 1
[2024.04.30 14:16:58 - debug] 1 of SZSE.STK.300618 frozen released on 20180801
[2024.04.30 14:16:58 - debug] SZSE.STK.300618 frozen position up to 1
[2024.04.30 14:16:58 - debug] 1 of SZSE.STK.300618 frozen released on 20180803
[2024.04.30 14:16:58 - error] Cannot short on SZSE.STK.300618
[2024.04.30 14:16:58 - debug] SZSE.STK.300618 frozen position up to 1
[2024.04.30 14:16:58 - debug] 1 of SZSE.STK.300618 frozen released on 20180808
[2024.04.30 14:16:58 - error] Cannot short on SZSE.STK.300618
[2024.04.30 14:16:58 - debug] SZSE.STK.300618 frozen position up to 1
[2024.04.30 14:16:58 - debug] 1 of SZSE.STK.300618 frozen released on 20180813
[2024.04.30 14:16:58 - error] Cannot short on SZSE.STK.300618
[2024.04.30 14:16:58 - debug] SZSE.STK.300618 frozen position up to 1
[2024.04.30 14:16:58 - debug] 1 of SZSE.STK.300618 frozen released on 20180817
[2024.04.30 14:16:58 - debug] SZSE.STK.300618 frozen position up to 1
[2024.04.30 14:16:58 - debug] 1 of SZSE.STK.300618 frozen released on 20180821
[2024.04.30 14:16:58 - debug] SZSE.STK.300618 frozen position up to 1
[2024.04.30 14:16:58 - debug] 1 of SZSE.STK.300618 frozen released on 20180823
[2024.04.30 14:16:58 - debug] SZSE.STK.300618 frozen position up to 1
[2024.04.30 14:16:58 - debug] 1 of SZSE.STK.300618 frozen released on 20180827
[2024.04.30 14:16:58 - debug] SZSE.STK.300618 frozen position up to 1
[2024.04.30 14:16:58 - debug] 1 of SZSE.STK.300618 frozen released on 20180829
[2024.04.30 14:16:58 - error] Cannot short on SZSE.STK.300618
[2024.04.30 14:16:58 - debug] SZSE.STK.300618 frozen position up to 1
[2024.04.30 14:16:58 - debug] 1 of SZSE.STK.300618 frozen released on 20180903
[2024.04.30 14:16:58 - debug] SZSE.STK.300618 frozen position up to 1
[2024.04.30 14:16:58 - debug] 1 of SZSE.STK.300618 frozen released on 20180905
[2024.04.30 14:16:58 - error] Cannot short on SZSE.STK.300618
[2024.04.30 14:16:58 - debug] SZSE.STK.300618 frozen position up to 1
[2024.04.30 14:16:58 - debug] 1 of SZSE.STK.300618 frozen released on 20180910
[2024.04.30 14:16:58 - debug] SZSE.STK.300618 frozen position up to 1
[2024.04.30 14:16:58 - debug] 1 of SZSE.STK.300618 frozen released on 20180912
[2024.04.30 14:16:58 - debug] SZSE.STK.300618 frozen position up to 1
[2024.04.30 14:16:58 - debug] 1 of SZSE.STK.300618 frozen released on 20180917
[2024.04.30 14:16:58 - debug] SZSE.STK.300618 frozen position up to 1
[2024.04.30 14:16:58 - debug] 1 of SZSE.STK.300618 frozen released on 20180919
[2024.04.30 14:16:58 - debug] SZSE.STK.300618 frozen position up to 1
[2024.04.30 14:16:58 - debug] 1 of SZSE.STK.300618 frozen released on 20180927
[2024.04.30 14:16:58 - error] Cannot short on SZSE.STK.300618
[2024.04.30 14:16:58 - error] Cannot short on SZSE.STK.300618
[2024.04.30 14:16:58 - debug] SZSE.STK.300618 frozen position up to 1
[2024.04.30 14:16:58 - debug] 1 of SZSE.STK.300618 frozen released on 20181010
[2024.04.30 14:16:58 - error] Cannot short on SZSE.STK.300618
[2024.04.30 14:16:58 - debug] SZSE.STK.300618 frozen position up to 1
[2024.04.30 14:16:58 - debug] 1 of SZSE.STK.300618 frozen released on 20181015
[2024.04.30 14:16:58 - info ] Strategy has been scheduled 189 times, totally taking 10052 us, 53.185 us each time
[2024.04.30 14:16:58 - debug] Notify strategy the end of backtest
[2024.04.30 14:35:57 - debug] Calculating hook disabled
[2024.04.30 14:35:57 - info ] DualThrust inited
[2024.04.30 14:36:32 - debug] Calculating hook disabled
[2024.04.30 14:36:32 - info ] DualThrust inited
[2024.04.30 14:36:32 - info ] Strategy has been scheduled 189 times, totally taking 10213 us, 54.037 us each time
[2024.04.30 14:36:32 - debug] Notify strategy the end of backtest
