[2024.04.30 11:45:09 - debug] Calculating hook disabled
[2024.04.30 11:45:09 - info ] DualThrust inited
[2024.04.30 11:45:09 - debug] SZSE.STK.002049 frozen position up to 1
[2024.04.30 11:45:09 - debug] 1 of SZSE.STK.002049 frozen released on 20180104
[2024.04.30 11:45:09 - error] Cannot short on SZSE.STK.002049
[2024.04.30 11:45:09 - error] Cannot short on SZSE.STK.002049
[2024.04.30 11:45:09 - debug] SZSE.STK.002049 frozen position up to 1
[2024.04.30 11:45:09 - debug] 1 of SZSE.STK.002049 frozen released on 20180112
[2024.04.30 11:45:09 - error] Cannot short on SZSE.STK.002049
[2024.04.30 11:45:09 - debug] SZSE.STK.002049 frozen position up to 1
[2024.04.30 11:45:09 - debug] 1 of SZSE.STK.002049 frozen released on 20180118
[2024.04.30 11:45:09 - debug] SZSE.STK.002049 frozen position up to 1
[2024.04.30 11:45:09 - debug] 1 of SZSE.STK.002049 frozen released on 20180124
[2024.04.30 11:45:09 - debug] SZSE.STK.002049 frozen position up to 1
[2024.04.30 11:45:09 - debug] 1 of SZSE.STK.002049 frozen released on 20180131
[2024.04.30 11:45:09 - debug] SZSE.STK.002049 frozen position up to 1
[2024.04.30 11:45:09 - debug] 1 of SZSE.STK.002049 frozen released on 20180202
[2024.04.30 11:45:09 - debug] SZSE.STK.002049 frozen position up to 1
[2024.04.30 11:45:09 - debug] 1 of SZSE.STK.002049 frozen released on 20180207
[2024.04.30 11:45:09 - error] Cannot short on SZSE.STK.002049
[2024.04.30 11:45:09 - debug] SZSE.STK.002049 frozen position up to 1
[2024.04.30 11:45:09 - debug] 1 of SZSE.STK.002049 frozen released on 20180212
[2024.04.30 11:45:09 - debug] SZSE.STK.002049 frozen position up to 1
[2024.04.30 11:45:09 - debug] 1 of SZSE.STK.002049 frozen released on 20180214
[2024.04.30 11:45:09 - error] Cannot short on SZSE.STK.002049
[2024.04.30 11:45:09 - debug] SZSE.STK.002049 frozen position up to 1
[2024.04.30 11:45:09 - debug] 1 of SZSE.STK.002049 frozen released on 20180226
[2024.04.30 11:45:09 - debug] SZSE.STK.002049 frozen position up to 1
[2024.04.30 11:45:09 - debug] 1 of SZSE.STK.002049 frozen released on 20180228
[2024.04.30 11:45:09 - debug] SZSE.STK.002049 frozen position up to 1
[2024.04.30 11:45:09 - debug] 1 of SZSE.STK.002049 frozen released on 20180313
[2024.04.30 11:45:09 - debug] SZSE.STK.002049 frozen position up to 1
[2024.04.30 11:45:09 - debug] 1 of SZSE.STK.002049 frozen released on 20180315
[2024.04.30 11:45:09 - debug] SZSE.STK.002049 frozen position up to 1
[2024.04.30 11:45:09 - debug] 1 of SZSE.STK.002049 frozen released on 20180319
[2024.04.30 11:45:09 - debug] SZSE.STK.002049 frozen position up to 1
[2024.04.30 11:45:09 - debug] 1 of SZSE.STK.002049 frozen released on 20180321
[2024.04.30 11:45:09 - debug] SZSE.STK.002049 frozen position up to 1
[2024.04.30 11:45:09 - debug] 1 of SZSE.STK.002049 frozen released on 20180323
[2024.04.30 11:45:09 - debug] SZSE.STK.002049 frozen position up to 1
[2024.04.30 11:45:09 - debug] 1 of SZSE.STK.002049 frozen released on 20180327
[2024.04.30 11:45:09 - error] Cannot short on SZSE.STK.002049
[2024.04.30 11:45:09 - debug] SZSE.STK.002049 frozen position up to 1
[2024.04.30 11:45:09 - debug] 1 of SZSE.STK.002049 frozen released on 20180403
[2024.04.30 11:45:09 - debug] SZSE.STK.002049 frozen position up to 1
[2024.04.30 11:45:09 - debug] 1 of SZSE.STK.002049 frozen released on 20180409
[2024.04.30 11:45:09 - error] Cannot short on SZSE.STK.002049
[2024.04.30 11:45:09 - error] Cannot short on SZSE.STK.002049
[2024.04.30 11:45:09 - error] Cannot short on SZSE.STK.002049
[2024.04.30 11:45:09 - debug] SZSE.STK.002049 frozen position up to 1
[2024.04.30 11:45:09 - debug] 1 of SZSE.STK.002049 frozen released on 20180416
[2024.04.30 11:45:09 - debug] SZSE.STK.002049 frozen position up to 1
[2024.04.30 11:45:09 - debug] 1 of SZSE.STK.002049 frozen released on 20180418
[2024.04.30 11:45:09 - debug] SZSE.STK.002049 frozen position up to 1
[2024.04.30 11:45:09 - debug] 1 of SZSE.STK.002049 frozen released on 20180420
[2024.04.30 11:45:09 - debug] SZSE.STK.002049 frozen position up to 1
[2024.04.30 11:45:09 - debug] 1 of SZSE.STK.002049 frozen released on 20180426
[2024.04.30 11:45:09 - error] Cannot short on SZSE.STK.002049
[2024.04.30 11:45:09 - error] Cannot short on SZSE.STK.002049
[2024.04.30 11:45:09 - debug] SZSE.STK.002049 frozen position up to 1
[2024.04.30 11:45:09 - debug] 1 of SZSE.STK.002049 frozen released on 20180507
[2024.04.30 11:45:09 - debug] SZSE.STK.002049 frozen position up to 1
[2024.04.30 11:45:09 - debug] 1 of SZSE.STK.002049 frozen released on 20180511
[2024.04.30 11:45:09 - debug] SZSE.STK.002049 frozen position up to 1
[2024.04.30 11:45:09 - debug] 1 of SZSE.STK.002049 frozen released on 20180515
[2024.04.30 11:45:09 - debug] SZSE.STK.002049 frozen position up to 1
[2024.04.30 11:45:09 - debug] 1 of SZSE.STK.002049 frozen released on 20180517
[2024.04.30 11:45:09 - debug] SZSE.STK.002049 frozen position up to 1
[2024.04.30 11:45:09 - debug] 1 of SZSE.STK.002049 frozen released on 20180523
[2024.04.30 11:45:09 - error] Cannot short on SZSE.STK.002049
[2024.04.30 11:45:09 - error] Cannot short on SZSE.STK.002049
[2024.04.30 11:45:09 - debug] SZSE.STK.002049 frozen position up to 1
[2024.04.30 11:45:09 - debug] 1 of SZSE.STK.002049 frozen released on 20180530
[2024.04.30 11:45:09 - debug] SZSE.STK.002049 frozen position up to 1
[2024.04.30 11:45:09 - debug] 1 of SZSE.STK.002049 frozen released on 20180601
[2024.04.30 11:45:09 - error] Cannot short on SZSE.STK.002049
[2024.04.30 11:45:09 - debug] SZSE.STK.002049 frozen position up to 1
[2024.04.30 11:45:09 - debug] 1 of SZSE.STK.002049 frozen released on 20180606
[2024.04.30 11:45:09 - error] Cannot short on SZSE.STK.002049
[2024.04.30 11:45:09 - debug] SZSE.STK.002049 frozen position up to 1
[2024.04.30 11:45:09 - debug] 1 of SZSE.STK.002049 frozen released on 20180612
[2024.04.30 11:45:09 - error] Cannot short on SZSE.STK.002049
[2024.04.30 11:45:09 - debug] SZSE.STK.002049 frozen position up to 1
[2024.04.30 11:45:09 - debug] 1 of SZSE.STK.002049 frozen released on 20180615
[2024.04.30 11:45:09 - debug] SZSE.STK.002049 frozen position up to 1
[2024.04.30 11:45:09 - debug] 1 of SZSE.STK.002049 frozen released on 20180620
[2024.04.30 11:45:09 - debug] SZSE.STK.002049 frozen position up to 1
[2024.04.30 11:45:09 - debug] 1 of SZSE.STK.002049 frozen released on 20180622
[2024.04.30 11:45:09 - debug] SZSE.STK.002049 frozen position up to 1
[2024.04.30 11:45:09 - debug] 1 of SZSE.STK.002049 frozen released on 20180626
[2024.04.30 11:45:09 - debug] SZSE.STK.002049 frozen position up to 1
[2024.04.30 11:45:09 - debug] 1 of SZSE.STK.002049 frozen released on 20180628
[2024.04.30 11:45:09 - debug] SZSE.STK.002049 frozen position up to 1
[2024.04.30 11:45:09 - debug] 1 of SZSE.STK.002049 frozen released on 20180705
[2024.04.30 11:45:09 - debug] SZSE.STK.002049 frozen position up to 1
[2024.04.30 11:45:09 - debug] 1 of SZSE.STK.002049 frozen released on 20180710
[2024.04.30 11:45:09 - debug] SZSE.STK.002049 frozen position up to 1
[2024.04.30 11:45:09 - debug] 1 of SZSE.STK.002049 frozen released on 20180716
[2024.04.30 11:45:09 - debug] SZSE.STK.002049 frozen position up to 1
[2024.04.30 11:45:09 - debug] 1 of SZSE.STK.002049 frozen released on 20180718
[2024.04.30 11:45:09 - error] Cannot short on SZSE.STK.002049
[2024.04.30 11:45:09 - debug] SZSE.STK.002049 frozen position up to 1
[2024.04.30 11:45:09 - debug] 1 of SZSE.STK.002049 frozen released on 20180724
[2024.04.30 11:45:09 - debug] SZSE.STK.002049 frozen position up to 1
[2024.04.30 11:45:09 - debug] 1 of SZSE.STK.002049 frozen released on 20180727
[2024.04.30 11:45:09 - debug] SZSE.STK.002049 frozen position up to 1
[2024.04.30 11:45:09 - debug] 1 of SZSE.STK.002049 frozen released on 20180731
[2024.04.30 11:45:09 - debug] SZSE.STK.002049 frozen position up to 1
[2024.04.30 11:45:09 - debug] 1 of SZSE.STK.002049 frozen released on 20180802
[2024.04.30 11:45:09 - error] Cannot short on SZSE.STK.002049
[2024.04.30 11:45:09 - debug] SZSE.STK.002049 frozen position up to 1
[2024.04.30 11:45:09 - debug] 1 of SZSE.STK.002049 frozen released on 20180808
[2024.04.30 11:45:09 - debug] SZSE.STK.002049 frozen position up to 1
[2024.04.30 11:45:09 - debug] 1 of SZSE.STK.002049 frozen released on 20180813
[2024.04.30 11:45:09 - error] Cannot short on SZSE.STK.002049
[2024.04.30 11:45:09 - debug] SZSE.STK.002049 frozen position up to 1
[2024.04.30 11:45:09 - debug] 1 of SZSE.STK.002049 frozen released on 20180817
[2024.04.30 11:45:09 - debug] SZSE.STK.002049 frozen position up to 1
[2024.04.30 11:45:09 - debug] 1 of SZSE.STK.002049 frozen released on 20180822
[2024.04.30 11:45:09 - debug] SZSE.STK.002049 frozen position up to 1
[2024.04.30 11:45:09 - debug] 1 of SZSE.STK.002049 frozen released on 20180824
[2024.04.30 11:45:09 - debug] SZSE.STK.002049 frozen position up to 1
[2024.04.30 11:45:09 - debug] 1 of SZSE.STK.002049 frozen released on 20180829
[2024.04.30 11:45:09 - error] Cannot short on SZSE.STK.002049
[2024.04.30 11:45:09 - error] Cannot short on SZSE.STK.002049
[2024.04.30 11:45:09 - debug] SZSE.STK.002049 frozen position up to 1
[2024.04.30 11:45:09 - debug] 1 of SZSE.STK.002049 frozen released on 20180904
[2024.04.30 11:45:09 - debug] SZSE.STK.002049 frozen position up to 1
[2024.04.30 11:45:09 - debug] 1 of SZSE.STK.002049 frozen released on 20180906
[2024.04.30 11:45:09 - debug] SZSE.STK.002049 frozen position up to 1
[2024.04.30 11:45:09 - debug] 1 of SZSE.STK.002049 frozen released on 20180910
[2024.04.30 11:45:09 - error] Cannot short on SZSE.STK.002049
[2024.04.30 11:45:09 - debug] SZSE.STK.002049 frozen position up to 1
[2024.04.30 11:45:09 - debug] 1 of SZSE.STK.002049 frozen released on 20180913
[2024.04.30 11:45:09 - error] Cannot short on SZSE.STK.002049
[2024.04.30 11:45:09 - error] Cannot short on SZSE.STK.002049
[2024.04.30 11:45:09 - debug] SZSE.STK.002049 frozen position up to 1
[2024.04.30 11:45:09 - debug] 1 of SZSE.STK.002049 frozen released on 20180920
[2024.04.30 11:45:09 - debug] SZSE.STK.002049 frozen position up to 1
[2024.04.30 11:45:09 - debug] 1 of SZSE.STK.002049 frozen released on 20180927
[2024.04.30 11:45:09 - error] Cannot short on SZSE.STK.002049
[2024.04.30 11:45:09 - debug] SZSE.STK.002049 frozen position up to 1
[2024.04.30 11:45:09 - debug] 1 of SZSE.STK.002049 frozen released on 20181010
[2024.04.30 11:45:09 - debug] SZSE.STK.002049 frozen position up to 1
[2024.04.30 11:45:09 - debug] 1 of SZSE.STK.002049 frozen released on 20181015
[2024.04.30 11:45:09 - error] Cannot short on SZSE.STK.002049
[2024.04.30 11:45:09 - error] Cannot short on SZSE.STK.002049
[2024.04.30 11:45:09 - debug] SZSE.STK.002049 frozen position up to 1
[2024.04.30 11:45:09 - debug] 1 of SZSE.STK.002049 frozen released on 20181026
[2024.04.30 11:45:09 - debug] SZSE.STK.002049 frozen position up to 1
[2024.04.30 11:45:09 - debug] 1 of SZSE.STK.002049 frozen released on 20181102
[2024.04.30 11:45:09 - debug] SZSE.STK.002049 frozen position up to 1
[2024.04.30 11:45:09 - debug] 1 of SZSE.STK.002049 frozen released on 20181106
[2024.04.30 11:45:09 - debug] SZSE.STK.002049 frozen position up to 1
[2024.04.30 11:45:09 - debug] 1 of SZSE.STK.002049 frozen released on 20181108
[2024.04.30 11:45:09 - debug] SZSE.STK.002049 frozen position up to 1
[2024.04.30 11:45:09 - debug] 1 of SZSE.STK.002049 frozen released on 20181113
[2024.04.30 11:45:09 - error] Cannot short on SZSE.STK.002049
[2024.04.30 11:45:09 - debug] SZSE.STK.002049 frozen position up to 1
[2024.04.30 11:45:09 - debug] 1 of SZSE.STK.002049 frozen released on 20181122
[2024.04.30 11:45:09 - debug] SZSE.STK.002049 frozen position up to 1
[2024.04.30 11:45:09 - debug] 1 of SZSE.STK.002049 frozen released on 20181127
[2024.04.30 11:45:09 - debug] SZSE.STK.002049 frozen position up to 1
[2024.04.30 11:45:09 - debug] 1 of SZSE.STK.002049 frozen released on 20181129
[2024.04.30 11:45:09 - debug] SZSE.STK.002049 frozen position up to 1
[2024.04.30 11:45:09 - debug] 1 of SZSE.STK.002049 frozen released on 20181204
[2024.04.30 11:45:09 - debug] SZSE.STK.002049 frozen position up to 1
[2024.04.30 11:45:09 - debug] 1 of SZSE.STK.002049 frozen released on 20181206
[2024.04.30 11:45:09 - debug] SZSE.STK.002049 frozen position up to 1
[2024.04.30 11:45:09 - debug] 1 of SZSE.STK.002049 frozen released on 20181211
[2024.04.30 11:45:09 - debug] SZSE.STK.002049 frozen position up to 1
[2024.04.30 11:45:09 - debug] 1 of SZSE.STK.002049 frozen released on 20181213
[2024.04.30 11:45:09 - debug] SZSE.STK.002049 frozen position up to 1
[2024.04.30 11:45:09 - info ] Strategy has been scheduled 228 times, totally taking 25345 us, 111.162 us each time
[2024.04.30 11:45:09 - debug] Notify strategy the end of backtest
[2024.04.30 11:50:18 - debug] Calculating hook disabled
[2024.04.30 11:50:18 - info ] DualThrust inited
[2024.04.30 11:50:18 - debug] SZSE.STK.002049 frozen position up to 1
[2024.04.30 11:50:18 - debug] 1 of SZSE.STK.002049 frozen released on 20180104
[2024.04.30 11:50:18 - error] Cannot short on SZSE.STK.002049
[2024.04.30 11:50:18 - error] Cannot short on SZSE.STK.002049
[2024.04.30 11:50:18 - debug] SZSE.STK.002049 frozen position up to 1
[2024.04.30 11:50:18 - debug] 1 of SZSE.STK.002049 frozen released on 20180112
[2024.04.30 11:50:18 - error] Cannot short on SZSE.STK.002049
[2024.04.30 11:50:18 - debug] SZSE.STK.002049 frozen position up to 1
[2024.04.30 11:50:18 - debug] 1 of SZSE.STK.002049 frozen released on 20180118
[2024.04.30 11:50:18 - debug] SZSE.STK.002049 frozen position up to 1
[2024.04.30 11:50:18 - debug] 1 of SZSE.STK.002049 frozen released on 20180124
[2024.04.30 11:50:18 - debug] SZSE.STK.002049 frozen position up to 1
[2024.04.30 11:50:18 - debug] 1 of SZSE.STK.002049 frozen released on 20180131
[2024.04.30 11:50:18 - debug] SZSE.STK.002049 frozen position up to 1
[2024.04.30 11:50:18 - debug] 1 of SZSE.STK.002049 frozen released on 20180202
[2024.04.30 11:50:18 - debug] SZSE.STK.002049 frozen position up to 1
[2024.04.30 11:50:18 - debug] 1 of SZSE.STK.002049 frozen released on 20180207
[2024.04.30 11:50:18 - error] Cannot short on SZSE.STK.002049
[2024.04.30 11:50:18 - debug] SZSE.STK.002049 frozen position up to 1
[2024.04.30 11:50:18 - debug] 1 of SZSE.STK.002049 frozen released on 20180212
[2024.04.30 11:50:18 - debug] SZSE.STK.002049 frozen position up to 1
[2024.04.30 11:50:18 - debug] 1 of SZSE.STK.002049 frozen released on 20180214
[2024.04.30 11:50:18 - error] Cannot short on SZSE.STK.002049
[2024.04.30 11:50:18 - debug] SZSE.STK.002049 frozen position up to 1
[2024.04.30 11:50:18 - debug] 1 of SZSE.STK.002049 frozen released on 20180226
[2024.04.30 11:50:18 - debug] SZSE.STK.002049 frozen position up to 1
[2024.04.30 11:50:18 - debug] 1 of SZSE.STK.002049 frozen released on 20180228
[2024.04.30 11:50:18 - debug] SZSE.STK.002049 frozen position up to 1
[2024.04.30 11:50:18 - debug] 1 of SZSE.STK.002049 frozen released on 20180313
[2024.04.30 11:50:18 - debug] SZSE.STK.002049 frozen position up to 1
[2024.04.30 11:50:18 - debug] 1 of SZSE.STK.002049 frozen released on 20180315
[2024.04.30 11:50:18 - debug] SZSE.STK.002049 frozen position up to 1
[2024.04.30 11:50:18 - debug] 1 of SZSE.STK.002049 frozen released on 20180319
[2024.04.30 11:50:18 - debug] SZSE.STK.002049 frozen position up to 1
[2024.04.30 11:50:18 - debug] 1 of SZSE.STK.002049 frozen released on 20180321
[2024.04.30 11:50:18 - debug] SZSE.STK.002049 frozen position up to 1
[2024.04.30 11:50:18 - debug] 1 of SZSE.STK.002049 frozen released on 20180323
[2024.04.30 11:50:18 - debug] SZSE.STK.002049 frozen position up to 1
[2024.04.30 11:50:18 - debug] 1 of SZSE.STK.002049 frozen released on 20180327
[2024.04.30 11:50:18 - error] Cannot short on SZSE.STK.002049
[2024.04.30 11:50:18 - debug] SZSE.STK.002049 frozen position up to 1
[2024.04.30 11:50:18 - debug] 1 of SZSE.STK.002049 frozen released on 20180403
[2024.04.30 11:50:18 - debug] SZSE.STK.002049 frozen position up to 1
[2024.04.30 11:50:18 - debug] 1 of SZSE.STK.002049 frozen released on 20180409
[2024.04.30 11:50:18 - error] Cannot short on SZSE.STK.002049
[2024.04.30 11:50:18 - error] Cannot short on SZSE.STK.002049
[2024.04.30 11:50:18 - error] Cannot short on SZSE.STK.002049
[2024.04.30 11:50:18 - debug] SZSE.STK.002049 frozen position up to 1
[2024.04.30 11:50:18 - debug] 1 of SZSE.STK.002049 frozen released on 20180416
[2024.04.30 11:50:18 - debug] SZSE.STK.002049 frozen position up to 1
[2024.04.30 11:50:18 - debug] 1 of SZSE.STK.002049 frozen released on 20180418
[2024.04.30 11:50:18 - debug] SZSE.STK.002049 frozen position up to 1
[2024.04.30 11:50:18 - debug] 1 of SZSE.STK.002049 frozen released on 20180420
[2024.04.30 11:50:18 - debug] SZSE.STK.002049 frozen position up to 1
[2024.04.30 11:50:18 - debug] 1 of SZSE.STK.002049 frozen released on 20180426
[2024.04.30 11:50:18 - error] Cannot short on SZSE.STK.002049
[2024.04.30 11:50:18 - error] Cannot short on SZSE.STK.002049
[2024.04.30 11:50:18 - debug] SZSE.STK.002049 frozen position up to 1
[2024.04.30 11:50:18 - debug] 1 of SZSE.STK.002049 frozen released on 20180507
[2024.04.30 11:50:18 - debug] SZSE.STK.002049 frozen position up to 1
[2024.04.30 11:50:18 - debug] 1 of SZSE.STK.002049 frozen released on 20180511
[2024.04.30 11:50:18 - debug] SZSE.STK.002049 frozen position up to 1
[2024.04.30 11:50:18 - debug] 1 of SZSE.STK.002049 frozen released on 20180515
[2024.04.30 11:50:18 - debug] SZSE.STK.002049 frozen position up to 1
[2024.04.30 11:50:18 - debug] 1 of SZSE.STK.002049 frozen released on 20180517
[2024.04.30 11:50:18 - debug] SZSE.STK.002049 frozen position up to 1
[2024.04.30 11:50:18 - debug] 1 of SZSE.STK.002049 frozen released on 20180523
[2024.04.30 11:50:18 - error] Cannot short on SZSE.STK.002049
[2024.04.30 11:50:18 - error] Cannot short on SZSE.STK.002049
[2024.04.30 11:50:18 - debug] SZSE.STK.002049 frozen position up to 1
[2024.04.30 11:50:18 - debug] 1 of SZSE.STK.002049 frozen released on 20180530
[2024.04.30 11:50:18 - debug] SZSE.STK.002049 frozen position up to 1
[2024.04.30 11:50:18 - debug] 1 of SZSE.STK.002049 frozen released on 20180601
[2024.04.30 11:50:18 - error] Cannot short on SZSE.STK.002049
[2024.04.30 11:50:18 - debug] SZSE.STK.002049 frozen position up to 1
[2024.04.30 11:50:18 - debug] 1 of SZSE.STK.002049 frozen released on 20180606
[2024.04.30 11:50:18 - error] Cannot short on SZSE.STK.002049
[2024.04.30 11:50:18 - debug] SZSE.STK.002049 frozen position up to 1
[2024.04.30 11:50:18 - debug] 1 of SZSE.STK.002049 frozen released on 20180612
[2024.04.30 11:50:18 - error] Cannot short on SZSE.STK.002049
[2024.04.30 11:50:18 - debug] SZSE.STK.002049 frozen position up to 1
[2024.04.30 11:50:18 - debug] 1 of SZSE.STK.002049 frozen released on 20180615
[2024.04.30 11:50:18 - debug] SZSE.STK.002049 frozen position up to 1
[2024.04.30 11:50:18 - debug] 1 of SZSE.STK.002049 frozen released on 20180620
[2024.04.30 11:50:18 - debug] SZSE.STK.002049 frozen position up to 1
[2024.04.30 11:50:18 - debug] 1 of SZSE.STK.002049 frozen released on 20180622
[2024.04.30 11:50:18 - debug] SZSE.STK.002049 frozen position up to 1
[2024.04.30 11:50:18 - debug] 1 of SZSE.STK.002049 frozen released on 20180626
[2024.04.30 11:50:18 - debug] SZSE.STK.002049 frozen position up to 1
[2024.04.30 11:50:18 - debug] 1 of SZSE.STK.002049 frozen released on 20180628
[2024.04.30 11:50:18 - debug] SZSE.STK.002049 frozen position up to 1
[2024.04.30 11:50:18 - debug] 1 of SZSE.STK.002049 frozen released on 20180705
[2024.04.30 11:50:18 - debug] SZSE.STK.002049 frozen position up to 1
[2024.04.30 11:50:18 - debug] 1 of SZSE.STK.002049 frozen released on 20180710
[2024.04.30 11:50:18 - debug] SZSE.STK.002049 frozen position up to 1
[2024.04.30 11:50:18 - debug] 1 of SZSE.STK.002049 frozen released on 20180716
[2024.04.30 11:50:18 - debug] SZSE.STK.002049 frozen position up to 1
[2024.04.30 11:50:18 - debug] 1 of SZSE.STK.002049 frozen released on 20180718
[2024.04.30 11:50:18 - error] Cannot short on SZSE.STK.002049
[2024.04.30 11:50:18 - debug] SZSE.STK.002049 frozen position up to 1
[2024.04.30 11:50:18 - debug] 1 of SZSE.STK.002049 frozen released on 20180724
[2024.04.30 11:50:18 - debug] SZSE.STK.002049 frozen position up to 1
[2024.04.30 11:50:18 - debug] 1 of SZSE.STK.002049 frozen released on 20180727
[2024.04.30 11:50:18 - debug] SZSE.STK.002049 frozen position up to 1
[2024.04.30 11:50:18 - debug] 1 of SZSE.STK.002049 frozen released on 20180731
[2024.04.30 11:50:18 - debug] SZSE.STK.002049 frozen position up to 1
[2024.04.30 11:50:18 - debug] 1 of SZSE.STK.002049 frozen released on 20180802
[2024.04.30 11:50:18 - error] Cannot short on SZSE.STK.002049
[2024.04.30 11:50:18 - debug] SZSE.STK.002049 frozen position up to 1
[2024.04.30 11:50:18 - debug] 1 of SZSE.STK.002049 frozen released on 20180808
[2024.04.30 11:50:18 - debug] SZSE.STK.002049 frozen position up to 1
[2024.04.30 11:50:18 - debug] 1 of SZSE.STK.002049 frozen released on 20180813
[2024.04.30 11:50:18 - error] Cannot short on SZSE.STK.002049
[2024.04.30 11:50:18 - debug] SZSE.STK.002049 frozen position up to 1
[2024.04.30 11:50:18 - debug] 1 of SZSE.STK.002049 frozen released on 20180817
[2024.04.30 11:50:18 - debug] SZSE.STK.002049 frozen position up to 1
[2024.04.30 11:50:18 - debug] 1 of SZSE.STK.002049 frozen released on 20180822
[2024.04.30 11:50:18 - debug] SZSE.STK.002049 frozen position up to 1
[2024.04.30 11:50:18 - debug] 1 of SZSE.STK.002049 frozen released on 20180824
[2024.04.30 11:50:18 - debug] SZSE.STK.002049 frozen position up to 1
[2024.04.30 11:50:18 - debug] 1 of SZSE.STK.002049 frozen released on 20180829
[2024.04.30 11:50:18 - error] Cannot short on SZSE.STK.002049
[2024.04.30 11:50:18 - error] Cannot short on SZSE.STK.002049
[2024.04.30 11:50:18 - debug] SZSE.STK.002049 frozen position up to 1
[2024.04.30 11:50:18 - debug] 1 of SZSE.STK.002049 frozen released on 20180904
[2024.04.30 11:50:18 - debug] SZSE.STK.002049 frozen position up to 1
[2024.04.30 11:50:18 - debug] 1 of SZSE.STK.002049 frozen released on 20180906
[2024.04.30 11:50:18 - debug] SZSE.STK.002049 frozen position up to 1
[2024.04.30 11:50:18 - debug] 1 of SZSE.STK.002049 frozen released on 20180910
[2024.04.30 11:50:18 - error] Cannot short on SZSE.STK.002049
[2024.04.30 11:50:18 - debug] SZSE.STK.002049 frozen position up to 1
[2024.04.30 11:50:18 - debug] 1 of SZSE.STK.002049 frozen released on 20180913
[2024.04.30 11:50:18 - error] Cannot short on SZSE.STK.002049
[2024.04.30 11:50:18 - error] Cannot short on SZSE.STK.002049
[2024.04.30 11:50:18 - debug] SZSE.STK.002049 frozen position up to 1
[2024.04.30 11:50:18 - debug] 1 of SZSE.STK.002049 frozen released on 20180920
[2024.04.30 11:50:18 - debug] SZSE.STK.002049 frozen position up to 1
[2024.04.30 11:50:18 - debug] 1 of SZSE.STK.002049 frozen released on 20180927
[2024.04.30 11:50:18 - error] Cannot short on SZSE.STK.002049
[2024.04.30 11:50:18 - debug] SZSE.STK.002049 frozen position up to 1
[2024.04.30 11:50:18 - debug] 1 of SZSE.STK.002049 frozen released on 20181010
[2024.04.30 11:50:18 - debug] SZSE.STK.002049 frozen position up to 1
[2024.04.30 11:50:18 - debug] 1 of SZSE.STK.002049 frozen released on 20181015
[2024.04.30 11:50:18 - error] Cannot short on SZSE.STK.002049
[2024.04.30 11:50:18 - info ] Strategy has been scheduled 189 times, totally taking 9950 us, 52.646 us each time
[2024.04.30 11:50:18 - debug] Notify strategy the end of backtest
[2024.04.30 11:51:43 - debug] Calculating hook disabled
[2024.04.30 11:51:43 - info ] DualThrust inited
[2024.04.30 11:51:43 - error] Cannot short on SZSE.STK.002049
[2024.04.30 11:51:43 - debug] SZSE.STK.002049 frozen position up to 1
[2024.04.30 11:51:43 - debug] 1 of SZSE.STK.002049 frozen released on 20180105
[2024.04.30 11:51:43 - error] Cannot short on SZSE.STK.002049
[2024.04.30 11:51:43 - error] Cannot short on SZSE.STK.002049
[2024.04.30 11:51:43 - error] Cannot short on SZSE.STK.002049
[2024.04.30 11:51:43 - debug] SZSE.STK.002049 frozen position up to 1
[2024.04.30 11:51:43 - debug] 1 of SZSE.STK.002049 frozen released on 20180115
[2024.04.30 11:51:43 - error] Cannot short on SZSE.STK.002049
[2024.04.30 11:51:43 - error] Cannot short on SZSE.STK.002049
[2024.04.30 11:51:43 - error] Cannot short on SZSE.STK.002049
[2024.04.30 11:51:43 - debug] SZSE.STK.002049 frozen position up to 1
[2024.04.30 11:51:43 - debug] 1 of SZSE.STK.002049 frozen released on 20180126
[2024.04.30 11:51:43 - error] Cannot short on SZSE.STK.002049
[2024.04.30 11:51:43 - error] Cannot short on SZSE.STK.002049
[2024.04.30 11:51:43 - error] Cannot short on SZSE.STK.002049
[2024.04.30 11:51:43 - error] Cannot short on SZSE.STK.002049
[2024.04.30 11:51:43 - error] Cannot short on SZSE.STK.002049
[2024.04.30 11:51:43 - error] Cannot short on SZSE.STK.002049
[2024.04.30 11:51:43 - error] Cannot short on SZSE.STK.002049
[2024.04.30 11:51:43 - error] Cannot short on SZSE.STK.002049
[2024.04.30 11:51:43 - error] Cannot short on SZSE.STK.002049
[2024.04.30 11:51:43 - debug] SZSE.STK.002049 frozen position up to 1
[2024.04.30 11:51:43 - debug] 1 of SZSE.STK.002049 frozen released on 20180226
[2024.04.30 11:51:43 - debug] SZSE.STK.002049 frozen position up to 1
[2024.04.30 11:51:43 - debug] 1 of SZSE.STK.002049 frozen released on 20180228
[2024.04.30 11:51:43 - error] Cannot short on SZSE.STK.002049
[2024.04.30 11:51:43 - error] Cannot short on SZSE.STK.002049
[2024.04.30 11:51:43 - error] Cannot short on SZSE.STK.002049
[2024.04.30 11:51:43 - debug] SZSE.STK.002049 frozen position up to 1
[2024.04.30 11:51:43 - debug] 1 of SZSE.STK.002049 frozen released on 20180319
[2024.04.30 11:51:43 - debug] SZSE.STK.002049 frozen position up to 1
[2024.04.30 11:51:43 - debug] 1 of SZSE.STK.002049 frozen released on 20180321
[2024.04.30 11:51:43 - debug] SZSE.STK.002049 frozen position up to 1
[2024.04.30 11:51:43 - debug] 1 of SZSE.STK.002049 frozen released on 20180323
[2024.04.30 11:51:43 - debug] SZSE.STK.002049 frozen position up to 1
[2024.04.30 11:51:43 - debug] 1 of SZSE.STK.002049 frozen released on 20180327
[2024.04.30 11:51:43 - error] Cannot short on SZSE.STK.002049
[2024.04.30 11:51:43 - error] Cannot short on SZSE.STK.002049
[2024.04.30 11:51:43 - error] Cannot short on SZSE.STK.002049
[2024.04.30 11:51:43 - error] Cannot short on SZSE.STK.002049
[2024.04.30 11:51:43 - error] Cannot short on SZSE.STK.002049
[2024.04.30 11:51:43 - error] Cannot short on SZSE.STK.002049
[2024.04.30 11:51:43 - error] Cannot short on SZSE.STK.002049
[2024.04.30 11:51:43 - error] Cannot short on SZSE.STK.002049
[2024.04.30 11:51:43 - error] Cannot short on SZSE.STK.002049
[2024.04.30 11:51:43 - debug] SZSE.STK.002049 frozen position up to 1
[2024.04.30 11:51:43 - debug] 1 of SZSE.STK.002049 frozen released on 20180420
[2024.04.30 11:51:43 - error] Cannot short on SZSE.STK.002049
[2024.04.30 11:51:43 - error] Cannot short on SZSE.STK.002049
[2024.04.30 11:51:43 - error] Cannot short on SZSE.STK.002049
[2024.04.30 11:51:43 - error] Cannot short on SZSE.STK.002049
[2024.04.30 11:51:43 - debug] SZSE.STK.002049 frozen position up to 1
[2024.04.30 11:51:43 - debug] 1 of SZSE.STK.002049 frozen released on 20180508
[2024.04.30 11:51:43 - error] Cannot short on SZSE.STK.002049
[2024.04.30 11:51:43 - error] Cannot short on SZSE.STK.002049
[2024.04.30 11:51:43 - error] Cannot short on SZSE.STK.002049
[2024.04.30 11:51:43 - error] Cannot short on SZSE.STK.002049
[2024.04.30 11:51:43 - debug] SZSE.STK.002049 frozen position up to 1
[2024.04.30 11:51:43 - debug] 1 of SZSE.STK.002049 frozen released on 20180523
[2024.04.30 11:51:43 - error] Cannot short on SZSE.STK.002049
[2024.04.30 11:51:43 - error] Cannot short on SZSE.STK.002049
[2024.04.30 11:51:43 - error] Cannot short on SZSE.STK.002049
[2024.04.30 11:51:43 - error] Cannot short on SZSE.STK.002049
[2024.04.30 11:51:43 - debug] SZSE.STK.002049 frozen position up to 1
[2024.04.30 11:51:43 - debug] 1 of SZSE.STK.002049 frozen released on 20180601
[2024.04.30 11:51:43 - error] Cannot short on SZSE.STK.002049
[2024.04.30 11:51:43 - error] Cannot short on SZSE.STK.002049
[2024.04.30 11:51:43 - error] Cannot short on SZSE.STK.002049
[2024.04.30 11:51:43 - error] Cannot short on SZSE.STK.002049
[2024.04.30 11:51:43 - error] Cannot short on SZSE.STK.002049
[2024.04.30 11:51:43 - error] Cannot short on SZSE.STK.002049
[2024.04.30 11:51:43 - debug] SZSE.STK.002049 frozen position up to 1
[2024.04.30 11:51:43 - debug] 1 of SZSE.STK.002049 frozen released on 20180615
[2024.04.30 11:51:43 - debug] SZSE.STK.002049 frozen position up to 1
[2024.04.30 11:51:43 - debug] 1 of SZSE.STK.002049 frozen released on 20180620
[2024.04.30 11:51:43 - error] Cannot short on SZSE.STK.002049
[2024.04.30 11:51:43 - error] Cannot short on SZSE.STK.002049
[2024.04.30 11:51:43 - error] Cannot short on SZSE.STK.002049
[2024.04.30 11:51:43 - error] Cannot short on SZSE.STK.002049
[2024.04.30 11:51:43 - debug] SZSE.STK.002049 frozen position up to 1
[2024.04.30 11:51:43 - debug] 1 of SZSE.STK.002049 frozen released on 20180703
[2024.04.30 11:51:43 - debug] SZSE.STK.002049 frozen position up to 1
[2024.04.30 11:51:43 - debug] 1 of SZSE.STK.002049 frozen released on 20180705
[2024.04.30 11:51:43 - error] Cannot short on SZSE.STK.002049
[2024.04.30 11:51:43 - debug] SZSE.STK.002049 frozen position up to 1
[2024.04.30 11:51:43 - debug] 1 of SZSE.STK.002049 frozen released on 20180716
[2024.04.30 11:51:43 - error] Cannot short on SZSE.STK.002049
[2024.04.30 11:51:43 - debug] SZSE.STK.002049 frozen position up to 1
[2024.04.30 11:51:43 - debug] 1 of SZSE.STK.002049 frozen released on 20180719
[2024.04.30 11:51:43 - error] Cannot short on SZSE.STK.002049
[2024.04.30 11:51:43 - error] Cannot short on SZSE.STK.002049
[2024.04.30 11:51:43 - debug] SZSE.STK.002049 frozen position up to 1
[2024.04.30 11:51:43 - debug] 1 of SZSE.STK.002049 frozen released on 20180727
[2024.04.30 11:51:43 - error] Cannot short on SZSE.STK.002049
[2024.04.30 11:51:43 - error] Cannot short on SZSE.STK.002049
[2024.04.30 11:51:43 - error] Cannot short on SZSE.STK.002049
[2024.04.30 11:51:43 - error] Cannot short on SZSE.STK.002049
[2024.04.30 11:51:43 - error] Cannot short on SZSE.STK.002049
[2024.04.30 11:51:43 - debug] SZSE.STK.002049 frozen position up to 1
[2024.04.30 11:51:43 - debug] 1 of SZSE.STK.002049 frozen released on 20180813
[2024.04.30 11:51:43 - error] Cannot short on SZSE.STK.002049
[2024.04.30 11:51:43 - debug] SZSE.STK.002049 frozen position up to 1
[2024.04.30 11:51:43 - debug] 1 of SZSE.STK.002049 frozen released on 20180817
[2024.04.30 11:51:43 - error] Cannot short on SZSE.STK.002049
[2024.04.30 11:51:43 - error] Cannot short on SZSE.STK.002049
[2024.04.30 11:51:43 - debug] SZSE.STK.002049 frozen position up to 1
[2024.04.30 11:51:43 - debug] 1 of SZSE.STK.002049 frozen released on 20180827
[2024.04.30 11:51:43 - debug] SZSE.STK.002049 frozen position up to 1
[2024.04.30 11:51:43 - debug] 1 of SZSE.STK.002049 frozen released on 20180829
[2024.04.30 11:51:43 - error] Cannot short on SZSE.STK.002049
[2024.04.30 11:51:43 - error] Cannot short on SZSE.STK.002049
[2024.04.30 11:51:43 - error] Cannot short on SZSE.STK.002049
[2024.04.30 11:51:43 - error] Cannot short on SZSE.STK.002049
[2024.04.30 11:51:43 - debug] SZSE.STK.002049 frozen position up to 1
[2024.04.30 11:51:43 - debug] 1 of SZSE.STK.002049 frozen released on 20180906
[2024.04.30 11:51:43 - error] Cannot short on SZSE.STK.002049
[2024.04.30 11:51:43 - error] Cannot short on SZSE.STK.002049
[2024.04.30 11:51:43 - error] Cannot short on SZSE.STK.002049
[2024.04.30 11:51:43 - error] Cannot short on SZSE.STK.002049
[2024.04.30 11:51:43 - error] Cannot short on SZSE.STK.002049
[2024.04.30 11:51:43 - error] Cannot short on SZSE.STK.002049
[2024.04.30 11:51:43 - error] Cannot short on SZSE.STK.002049
[2024.04.30 11:51:43 - debug] SZSE.STK.002049 frozen position up to 1
[2024.04.30 11:51:43 - debug] 1 of SZSE.STK.002049 frozen released on 20180928
[2024.04.30 11:51:43 - error] Cannot short on SZSE.STK.002049
[2024.04.30 11:51:43 - error] Cannot short on SZSE.STK.002049
[2024.04.30 11:51:43 - debug] SZSE.STK.002049 frozen position up to 1
[2024.04.30 11:51:43 - debug] 1 of SZSE.STK.002049 frozen released on 20181012
[2024.04.30 11:51:43 - error] Cannot short on SZSE.STK.002049
[2024.04.30 11:51:43 - info ] Strategy has been scheduled 189 times, totally taking 29577 us, 156.492 us each time
[2024.04.30 11:51:43 - debug] Notify strategy the end of backtest
[2024.04.30 11:52:24 - debug] Calculating hook disabled
[2024.04.30 11:52:24 - info ] DualThrust inited
[2024.04.30 11:52:24 - error] Cannot short on SZSE.STK.002049
[2024.04.30 11:52:24 - debug] SZSE.STK.002049 frozen position up to 1
[2024.04.30 11:52:24 - debug] 1 of SZSE.STK.002049 frozen released on 20180105
[2024.04.30 11:52:24 - error] Cannot short on SZSE.STK.002049
[2024.04.30 11:52:24 - error] Cannot short on SZSE.STK.002049
[2024.04.30 11:52:24 - error] Cannot short on SZSE.STK.002049
[2024.04.30 11:52:24 - debug] SZSE.STK.002049 frozen position up to 1
[2024.04.30 11:52:24 - debug] 1 of SZSE.STK.002049 frozen released on 20180115
[2024.04.30 11:52:24 - error] Cannot short on SZSE.STK.002049
[2024.04.30 11:52:24 - error] Cannot short on SZSE.STK.002049
[2024.04.30 11:52:24 - error] Cannot short on SZSE.STK.002049
[2024.04.30 11:52:24 - debug] SZSE.STK.002049 frozen position up to 1
[2024.04.30 11:52:24 - debug] 1 of SZSE.STK.002049 frozen released on 20180126
[2024.04.30 11:52:24 - error] Cannot short on SZSE.STK.002049
[2024.04.30 11:52:24 - error] Cannot short on SZSE.STK.002049
[2024.04.30 11:52:24 - error] Cannot short on SZSE.STK.002049
[2024.04.30 11:52:24 - error] Cannot short on SZSE.STK.002049
[2024.04.30 11:52:24 - error] Cannot short on SZSE.STK.002049
[2024.04.30 11:52:24 - error] Cannot short on SZSE.STK.002049
[2024.04.30 11:52:24 - error] Cannot short on SZSE.STK.002049
[2024.04.30 11:52:24 - error] Cannot short on SZSE.STK.002049
[2024.04.30 11:52:24 - error] Cannot short on SZSE.STK.002049
[2024.04.30 11:52:24 - debug] SZSE.STK.002049 frozen position up to 1
[2024.04.30 11:52:24 - debug] 1 of SZSE.STK.002049 frozen released on 20180226
[2024.04.30 11:52:24 - debug] SZSE.STK.002049 frozen position up to 1
[2024.04.30 11:52:24 - debug] 1 of SZSE.STK.002049 frozen released on 20180228
[2024.04.30 11:52:24 - error] Cannot short on SZSE.STK.002049
[2024.04.30 11:52:24 - error] Cannot short on SZSE.STK.002049
[2024.04.30 11:52:24 - error] Cannot short on SZSE.STK.002049
[2024.04.30 11:52:24 - debug] SZSE.STK.002049 frozen position up to 1
[2024.04.30 11:52:24 - debug] 1 of SZSE.STK.002049 frozen released on 20180319
[2024.04.30 11:52:24 - debug] SZSE.STK.002049 frozen position up to 1
[2024.04.30 11:52:24 - debug] 1 of SZSE.STK.002049 frozen released on 20180321
[2024.04.30 11:52:24 - debug] SZSE.STK.002049 frozen position up to 1
[2024.04.30 11:52:24 - debug] 1 of SZSE.STK.002049 frozen released on 20180323
[2024.04.30 11:52:24 - debug] SZSE.STK.002049 frozen position up to 1
[2024.04.30 11:52:24 - debug] 1 of SZSE.STK.002049 frozen released on 20180327
[2024.04.30 11:52:24 - error] Cannot short on SZSE.STK.002049
[2024.04.30 11:52:24 - error] Cannot short on SZSE.STK.002049
[2024.04.30 11:52:24 - error] Cannot short on SZSE.STK.002049
[2024.04.30 11:52:24 - error] Cannot short on SZSE.STK.002049
[2024.04.30 11:52:24 - error] Cannot short on SZSE.STK.002049
[2024.04.30 11:52:24 - error] Cannot short on SZSE.STK.002049
[2024.04.30 11:52:24 - error] Cannot short on SZSE.STK.002049
[2024.04.30 11:52:24 - error] Cannot short on SZSE.STK.002049
[2024.04.30 11:52:24 - error] Cannot short on SZSE.STK.002049
[2024.04.30 11:52:24 - debug] SZSE.STK.002049 frozen position up to 1
[2024.04.30 11:52:24 - debug] 1 of SZSE.STK.002049 frozen released on 20180420
[2024.04.30 11:52:24 - error] Cannot short on SZSE.STK.002049
[2024.04.30 11:52:24 - error] Cannot short on SZSE.STK.002049
[2024.04.30 11:52:24 - error] Cannot short on SZSE.STK.002049
[2024.04.30 11:52:24 - error] Cannot short on SZSE.STK.002049
[2024.04.30 11:52:24 - debug] SZSE.STK.002049 frozen position up to 1
[2024.04.30 11:52:24 - debug] 1 of SZSE.STK.002049 frozen released on 20180508
[2024.04.30 11:52:24 - error] Cannot short on SZSE.STK.002049
[2024.04.30 11:52:24 - error] Cannot short on SZSE.STK.002049
[2024.04.30 11:52:24 - error] Cannot short on SZSE.STK.002049
[2024.04.30 11:52:24 - error] Cannot short on SZSE.STK.002049
[2024.04.30 11:52:24 - debug] SZSE.STK.002049 frozen position up to 1
[2024.04.30 11:52:24 - debug] 1 of SZSE.STK.002049 frozen released on 20180523
[2024.04.30 11:52:24 - error] Cannot short on SZSE.STK.002049
[2024.04.30 11:52:24 - error] Cannot short on SZSE.STK.002049
[2024.04.30 11:52:24 - error] Cannot short on SZSE.STK.002049
[2024.04.30 11:52:24 - error] Cannot short on SZSE.STK.002049
[2024.04.30 11:52:24 - debug] SZSE.STK.002049 frozen position up to 1
[2024.04.30 11:52:24 - debug] 1 of SZSE.STK.002049 frozen released on 20180601
[2024.04.30 11:52:24 - error] Cannot short on SZSE.STK.002049
[2024.04.30 11:52:24 - error] Cannot short on SZSE.STK.002049
[2024.04.30 11:52:24 - error] Cannot short on SZSE.STK.002049
[2024.04.30 11:52:24 - error] Cannot short on SZSE.STK.002049
[2024.04.30 11:52:24 - error] Cannot short on SZSE.STK.002049
[2024.04.30 11:52:24 - error] Cannot short on SZSE.STK.002049
[2024.04.30 11:52:24 - debug] SZSE.STK.002049 frozen position up to 1
[2024.04.30 11:52:24 - debug] 1 of SZSE.STK.002049 frozen released on 20180615
[2024.04.30 11:52:24 - debug] SZSE.STK.002049 frozen position up to 1
[2024.04.30 11:52:24 - debug] 1 of SZSE.STK.002049 frozen released on 20180620
[2024.04.30 11:52:24 - error] Cannot short on SZSE.STK.002049
[2024.04.30 11:52:24 - error] Cannot short on SZSE.STK.002049
[2024.04.30 11:52:24 - error] Cannot short on SZSE.STK.002049
[2024.04.30 11:52:24 - error] Cannot short on SZSE.STK.002049
[2024.04.30 11:52:24 - debug] SZSE.STK.002049 frozen position up to 1
[2024.04.30 11:52:24 - debug] 1 of SZSE.STK.002049 frozen released on 20180703
[2024.04.30 11:52:24 - debug] SZSE.STK.002049 frozen position up to 1
[2024.04.30 11:52:24 - debug] 1 of SZSE.STK.002049 frozen released on 20180705
[2024.04.30 11:52:24 - error] Cannot short on SZSE.STK.002049
[2024.04.30 11:52:24 - debug] SZSE.STK.002049 frozen position up to 1
[2024.04.30 11:52:24 - debug] 1 of SZSE.STK.002049 frozen released on 20180716
[2024.04.30 11:52:24 - error] Cannot short on SZSE.STK.002049
[2024.04.30 11:52:24 - debug] SZSE.STK.002049 frozen position up to 1
[2024.04.30 11:52:24 - debug] 1 of SZSE.STK.002049 frozen released on 20180719
[2024.04.30 11:52:24 - error] Cannot short on SZSE.STK.002049
[2024.04.30 11:52:24 - error] Cannot short on SZSE.STK.002049
[2024.04.30 11:52:24 - debug] SZSE.STK.002049 frozen position up to 1
[2024.04.30 11:52:24 - debug] 1 of SZSE.STK.002049 frozen released on 20180727
[2024.04.30 11:52:24 - error] Cannot short on SZSE.STK.002049
[2024.04.30 11:52:24 - error] Cannot short on SZSE.STK.002049
[2024.04.30 11:52:24 - error] Cannot short on SZSE.STK.002049
[2024.04.30 11:52:24 - error] Cannot short on SZSE.STK.002049
[2024.04.30 11:52:24 - error] Cannot short on SZSE.STK.002049
[2024.04.30 11:52:24 - debug] SZSE.STK.002049 frozen position up to 1
[2024.04.30 11:52:24 - debug] 1 of SZSE.STK.002049 frozen released on 20180813
[2024.04.30 11:52:24 - error] Cannot short on SZSE.STK.002049
[2024.04.30 11:52:24 - debug] SZSE.STK.002049 frozen position up to 1
[2024.04.30 11:52:24 - debug] 1 of SZSE.STK.002049 frozen released on 20180817
[2024.04.30 11:52:24 - error] Cannot short on SZSE.STK.002049
[2024.04.30 11:52:24 - error] Cannot short on SZSE.STK.002049
[2024.04.30 11:52:24 - debug] SZSE.STK.002049 frozen position up to 1
[2024.04.30 11:52:24 - debug] 1 of SZSE.STK.002049 frozen released on 20180827
[2024.04.30 11:52:24 - debug] SZSE.STK.002049 frozen position up to 1
[2024.04.30 11:52:24 - debug] 1 of SZSE.STK.002049 frozen released on 20180829
[2024.04.30 11:52:24 - error] Cannot short on SZSE.STK.002049
[2024.04.30 11:52:24 - error] Cannot short on SZSE.STK.002049
[2024.04.30 11:52:24 - error] Cannot short on SZSE.STK.002049
[2024.04.30 11:52:24 - error] Cannot short on SZSE.STK.002049
[2024.04.30 11:52:24 - debug] SZSE.STK.002049 frozen position up to 1
[2024.04.30 11:52:24 - debug] 1 of SZSE.STK.002049 frozen released on 20180906
[2024.04.30 11:52:24 - error] Cannot short on SZSE.STK.002049
[2024.04.30 11:52:24 - error] Cannot short on SZSE.STK.002049
[2024.04.30 11:52:24 - error] Cannot short on SZSE.STK.002049
[2024.04.30 11:52:24 - error] Cannot short on SZSE.STK.002049
[2024.04.30 11:52:24 - error] Cannot short on SZSE.STK.002049
[2024.04.30 11:52:24 - error] Cannot short on SZSE.STK.002049
[2024.04.30 11:52:24 - error] Cannot short on SZSE.STK.002049
[2024.04.30 11:52:24 - debug] SZSE.STK.002049 frozen position up to 1
[2024.04.30 11:52:24 - debug] 1 of SZSE.STK.002049 frozen released on 20180928
[2024.04.30 11:52:24 - error] Cannot short on SZSE.STK.002049
[2024.04.30 11:52:24 - error] Cannot short on SZSE.STK.002049
[2024.04.30 11:52:24 - debug] SZSE.STK.002049 frozen position up to 1
[2024.04.30 11:52:24 - debug] 1 of SZSE.STK.002049 frozen released on 20181012
[2024.04.30 11:52:24 - error] Cannot short on SZSE.STK.002049
[2024.04.30 11:52:24 - info ] Strategy has been scheduled 189 times, totally taking 29023 us, 153.561 us each time
[2024.04.30 11:52:24 - debug] Notify strategy the end of backtest
[2024.04.30 11:53:25 - debug] Calculating hook disabled
[2024.04.30 11:53:25 - info ] DualThrust inited
[2024.04.30 11:53:25 - error] Cannot short on SZSE.STK.002049
[2024.04.30 11:53:25 - debug] SZSE.STK.002049 frozen position up to 1
[2024.04.30 11:53:25 - debug] 1 of SZSE.STK.002049 frozen released on 20180105
[2024.04.30 11:53:25 - error] Cannot short on SZSE.STK.002049
[2024.04.30 11:53:25 - error] Cannot short on SZSE.STK.002049
[2024.04.30 11:53:25 - error] Cannot short on SZSE.STK.002049
[2024.04.30 11:53:25 - debug] SZSE.STK.002049 frozen position up to 1
[2024.04.30 11:53:25 - debug] 1 of SZSE.STK.002049 frozen released on 20180115
[2024.04.30 11:53:25 - error] Cannot short on SZSE.STK.002049
[2024.04.30 11:53:25 - error] Cannot short on SZSE.STK.002049
[2024.04.30 11:53:25 - error] Cannot short on SZSE.STK.002049
[2024.04.30 11:53:25 - error] Cannot short on SZSE.STK.002049
[2024.04.30 11:53:25 - error] Cannot short on SZSE.STK.002049
[2024.04.30 11:53:25 - debug] SZSE.STK.002049 frozen position up to 1
[2024.04.30 11:53:25 - debug] 1 of SZSE.STK.002049 frozen released on 20180126
[2024.04.30 11:53:25 - error] Cannot short on SZSE.STK.002049
[2024.04.30 11:53:25 - error] Cannot short on SZSE.STK.002049
[2024.04.30 11:53:25 - error] Cannot short on SZSE.STK.002049
[2024.04.30 11:53:25 - error] Cannot short on SZSE.STK.002049
[2024.04.30 11:53:25 - error] Cannot short on SZSE.STK.002049
[2024.04.30 11:53:25 - error] Cannot short on SZSE.STK.002049
[2024.04.30 11:53:25 - debug] SZSE.STK.002049 frozen position up to 1
[2024.04.30 11:53:25 - debug] 1 of SZSE.STK.002049 frozen released on 20180207
[2024.04.30 11:53:25 - error] Cannot short on SZSE.STK.002049
[2024.04.30 11:53:25 - debug] SZSE.STK.002049 frozen position up to 1
[2024.04.30 11:53:25 - debug] 1 of SZSE.STK.002049 frozen released on 20180212
[2024.04.30 11:53:25 - debug] SZSE.STK.002049 frozen position up to 1
[2024.04.30 11:53:25 - debug] 1 of SZSE.STK.002049 frozen released on 20180214
[2024.04.30 11:53:25 - error] Cannot short on SZSE.STK.002049
[2024.04.30 11:53:25 - debug] SZSE.STK.002049 frozen position up to 1
[2024.04.30 11:53:25 - debug] 1 of SZSE.STK.002049 frozen released on 20180226
[2024.04.30 11:53:25 - debug] SZSE.STK.002049 frozen position up to 1
[2024.04.30 11:53:25 - debug] 1 of SZSE.STK.002049 frozen released on 20180228
[2024.04.30 11:53:25 - debug] SZSE.STK.002049 frozen position up to 1
[2024.04.30 11:53:25 - debug] 1 of SZSE.STK.002049 frozen released on 20180305
[2024.04.30 11:53:25 - debug] SZSE.STK.002049 frozen position up to 1
[2024.04.30 11:53:25 - debug] 1 of SZSE.STK.002049 frozen released on 20180307
[2024.04.30 11:53:25 - debug] SZSE.STK.002049 frozen position up to 1
[2024.04.30 11:53:25 - debug] 1 of SZSE.STK.002049 frozen released on 20180309
[2024.04.30 11:53:25 - debug] SZSE.STK.002049 frozen position up to 1
[2024.04.30 11:53:25 - debug] 1 of SZSE.STK.002049 frozen released on 20180313
[2024.04.30 11:53:25 - debug] SZSE.STK.002049 frozen position up to 1
[2024.04.30 11:53:25 - debug] 1 of SZSE.STK.002049 frozen released on 20180315
[2024.04.30 11:53:25 - debug] SZSE.STK.002049 frozen position up to 1
[2024.04.30 11:53:25 - debug] 1 of SZSE.STK.002049 frozen released on 20180319
[2024.04.30 11:53:25 - debug] SZSE.STK.002049 frozen position up to 1
[2024.04.30 11:53:25 - debug] 1 of SZSE.STK.002049 frozen released on 20180321
[2024.04.30 11:53:25 - debug] SZSE.STK.002049 frozen position up to 1
[2024.04.30 11:53:25 - debug] 1 of SZSE.STK.002049 frozen released on 20180323
[2024.04.30 11:53:25 - debug] SZSE.STK.002049 frozen position up to 1
[2024.04.30 11:53:25 - debug] 1 of SZSE.STK.002049 frozen released on 20180327
[2024.04.30 11:53:25 - error] Cannot short on SZSE.STK.002049
[2024.04.30 11:53:25 - debug] SZSE.STK.002049 frozen position up to 1
[2024.04.30 11:53:25 - debug] 1 of SZSE.STK.002049 frozen released on 20180404
[2024.04.30 11:53:25 - error] Cannot short on SZSE.STK.002049
[2024.04.30 11:53:25 - error] Cannot short on SZSE.STK.002049
[2024.04.30 11:53:25 - error] Cannot short on SZSE.STK.002049
[2024.04.30 11:53:25 - error] Cannot short on SZSE.STK.002049
[2024.04.30 11:53:25 - debug] SZSE.STK.002049 frozen position up to 1
[2024.04.30 11:53:25 - debug] 1 of SZSE.STK.002049 frozen released on 20180416
[2024.04.30 11:53:25 - debug] SZSE.STK.002049 frozen position up to 1
[2024.04.30 11:53:25 - debug] 1 of SZSE.STK.002049 frozen released on 20180418
[2024.04.30 11:53:25 - debug] SZSE.STK.002049 frozen position up to 1
[2024.04.30 11:53:25 - debug] 1 of SZSE.STK.002049 frozen released on 20180420
[2024.04.30 11:53:25 - debug] SZSE.STK.002049 frozen position up to 1
[2024.04.30 11:53:25 - debug] 1 of SZSE.STK.002049 frozen released on 20180424
[2024.04.30 11:53:25 - debug] SZSE.STK.002049 frozen position up to 1
[2024.04.30 11:53:25 - debug] 1 of SZSE.STK.002049 frozen released on 20180426
[2024.04.30 11:53:25 - error] Cannot short on SZSE.STK.002049
[2024.04.30 11:53:25 - error] Cannot short on SZSE.STK.002049
[2024.04.30 11:53:25 - error] Cannot short on SZSE.STK.002049
[2024.04.30 11:53:25 - error] Cannot short on SZSE.STK.002049
[2024.04.30 11:53:25 - debug] SZSE.STK.002049 frozen position up to 1
[2024.04.30 11:53:25 - debug] 1 of SZSE.STK.002049 frozen released on 20180508
[2024.04.30 11:53:25 - debug] SZSE.STK.002049 frozen position up to 1
[2024.04.30 11:53:25 - debug] 1 of SZSE.STK.002049 frozen released on 20180511
[2024.04.30 11:53:25 - error] Cannot short on SZSE.STK.002049
[2024.04.30 11:53:25 - debug] SZSE.STK.002049 frozen position up to 1
[2024.04.30 11:53:25 - debug] 1 of SZSE.STK.002049 frozen released on 20180516
[2024.04.30 11:53:25 - error] Cannot short on SZSE.STK.002049
[2024.04.30 11:53:25 - debug] SZSE.STK.002049 frozen position up to 1
[2024.04.30 11:53:25 - debug] 1 of SZSE.STK.002049 frozen released on 20180521
[2024.04.30 11:53:25 - debug] SZSE.STK.002049 frozen position up to 1
[2024.04.30 11:53:25 - debug] 1 of SZSE.STK.002049 frozen released on 20180523
[2024.04.30 11:53:25 - debug] SZSE.STK.002049 frozen position up to 1
[2024.04.30 11:53:25 - debug] 1 of SZSE.STK.002049 frozen released on 20180525
[2024.04.30 11:53:25 - error] Cannot short on SZSE.STK.002049
[2024.04.30 11:53:25 - error] Cannot short on SZSE.STK.002049
[2024.04.30 11:53:25 - error] Cannot short on SZSE.STK.002049
[2024.04.30 11:53:25 - debug] SZSE.STK.002049 frozen position up to 1
[2024.04.30 11:53:25 - debug] 1 of SZSE.STK.002049 frozen released on 20180601
[2024.04.30 11:53:25 - error] Cannot short on SZSE.STK.002049
[2024.04.30 11:53:25 - debug] SZSE.STK.002049 frozen position up to 1
[2024.04.30 11:53:25 - debug] 1 of SZSE.STK.002049 frozen released on 20180606
[2024.04.30 11:53:25 - error] Cannot short on SZSE.STK.002049
[2024.04.30 11:53:25 - debug] SZSE.STK.002049 frozen position up to 1
[2024.04.30 11:53:25 - debug] 1 of SZSE.STK.002049 frozen released on 20180612
[2024.04.30 11:53:25 - error] Cannot short on SZSE.STK.002049
[2024.04.30 11:53:25 - debug] SZSE.STK.002049 frozen position up to 1
[2024.04.30 11:53:25 - debug] 1 of SZSE.STK.002049 frozen released on 20180615
[2024.04.30 11:53:25 - debug] SZSE.STK.002049 frozen position up to 1
[2024.04.30 11:53:25 - debug] 1 of SZSE.STK.002049 frozen released on 20180620
[2024.04.30 11:53:25 - error] Cannot short on SZSE.STK.002049
[2024.04.30 11:53:25 - error] Cannot short on SZSE.STK.002049
[2024.04.30 11:53:25 - error] Cannot short on SZSE.STK.002049
[2024.04.30 11:53:25 - error] Cannot short on SZSE.STK.002049
[2024.04.30 11:53:25 - debug] SZSE.STK.002049 frozen position up to 1
[2024.04.30 11:53:25 - debug] 1 of SZSE.STK.002049 frozen released on 20180628
[2024.04.30 11:53:25 - debug] SZSE.STK.002049 frozen position up to 1
[2024.04.30 11:53:25 - debug] 1 of SZSE.STK.002049 frozen released on 20180705
[2024.04.30 11:53:25 - debug] SZSE.STK.002049 frozen position up to 1
[2024.04.30 11:53:25 - debug] 1 of SZSE.STK.002049 frozen released on 20180710
[2024.04.30 11:53:25 - error] Cannot short on SZSE.STK.002049
[2024.04.30 11:53:25 - error] Cannot short on SZSE.STK.002049
[2024.04.30 11:53:25 - debug] SZSE.STK.002049 frozen position up to 1
[2024.04.30 11:53:25 - debug] 1 of SZSE.STK.002049 frozen released on 20180716
[2024.04.30 11:53:25 - error] Cannot short on SZSE.STK.002049
[2024.04.30 11:53:25 - debug] SZSE.STK.002049 frozen position up to 1
[2024.04.30 11:53:25 - debug] 1 of SZSE.STK.002049 frozen released on 20180719
[2024.04.30 11:53:25 - error] Cannot short on SZSE.STK.002049
[2024.04.30 11:53:25 - debug] SZSE.STK.002049 frozen position up to 1
[2024.04.30 11:53:25 - debug] 1 of SZSE.STK.002049 frozen released on 20180724
[2024.04.30 11:53:25 - debug] SZSE.STK.002049 frozen position up to 1
[2024.04.30 11:53:25 - debug] 1 of SZSE.STK.002049 frozen released on 20180727
[2024.04.30 11:53:25 - error] Cannot short on SZSE.STK.002049
[2024.04.30 11:53:25 - error] Cannot short on SZSE.STK.002049
[2024.04.30 11:53:25 - error] Cannot short on SZSE.STK.002049
[2024.04.30 11:53:25 - error] Cannot short on SZSE.STK.002049
[2024.04.30 11:53:25 - error] Cannot short on SZSE.STK.002049
[2024.04.30 11:53:25 - debug] SZSE.STK.002049 frozen position up to 1
[2024.04.30 11:53:25 - debug] 1 of SZSE.STK.002049 frozen released on 20180808
[2024.04.30 11:53:25 - error] Cannot short on SZSE.STK.002049
[2024.04.30 11:53:25 - debug] SZSE.STK.002049 frozen position up to 1
[2024.04.30 11:53:25 - debug] 1 of SZSE.STK.002049 frozen released on 20180813
[2024.04.30 11:53:25 - error] Cannot short on SZSE.STK.002049
[2024.04.30 11:53:25 - debug] SZSE.STK.002049 frozen position up to 1
[2024.04.30 11:53:25 - debug] 1 of SZSE.STK.002049 frozen released on 20180817
[2024.04.30 11:53:25 - error] Cannot short on SZSE.STK.002049
[2024.04.30 11:53:25 - debug] SZSE.STK.002049 frozen position up to 1
[2024.04.30 11:53:25 - debug] 1 of SZSE.STK.002049 frozen released on 20180822
[2024.04.30 11:53:25 - error] Cannot short on SZSE.STK.002049
[2024.04.30 11:53:25 - debug] SZSE.STK.002049 frozen position up to 1
[2024.04.30 11:53:25 - debug] 1 of SZSE.STK.002049 frozen released on 20180827
[2024.04.30 11:53:25 - debug] SZSE.STK.002049 frozen position up to 1
[2024.04.30 11:53:25 - debug] 1 of SZSE.STK.002049 frozen released on 20180829
[2024.04.30 11:53:25 - error] Cannot short on SZSE.STK.002049
[2024.04.30 11:53:25 - error] Cannot short on SZSE.STK.002049
[2024.04.30 11:53:25 - debug] SZSE.STK.002049 frozen position up to 1
[2024.04.30 11:53:25 - debug] 1 of SZSE.STK.002049 frozen released on 20180904
[2024.04.30 11:53:25 - debug] SZSE.STK.002049 frozen position up to 1
[2024.04.30 11:53:25 - debug] 1 of SZSE.STK.002049 frozen released on 20180906
[2024.04.30 11:53:25 - debug] SZSE.STK.002049 frozen position up to 1
[2024.04.30 11:53:25 - debug] 1 of SZSE.STK.002049 frozen released on 20180910
[2024.04.30 11:53:25 - error] Cannot short on SZSE.STK.002049
[2024.04.30 11:53:25 - error] Cannot short on SZSE.STK.002049
[2024.04.30 11:53:25 - error] Cannot short on SZSE.STK.002049
[2024.04.30 11:53:25 - error] Cannot short on SZSE.STK.002049
[2024.04.30 11:53:25 - debug] SZSE.STK.002049 frozen position up to 1
[2024.04.30 11:53:25 - debug] 1 of SZSE.STK.002049 frozen released on 20180920
[2024.04.30 11:53:25 - error] Cannot short on SZSE.STK.002049
[2024.04.30 11:53:25 - error] Cannot short on SZSE.STK.002049
[2024.04.30 11:53:25 - debug] SZSE.STK.002049 frozen position up to 1
[2024.04.30 11:53:25 - debug] 1 of SZSE.STK.002049 frozen released on 20180928
[2024.04.30 11:53:25 - error] Cannot short on SZSE.STK.002049
[2024.04.30 11:53:25 - debug] SZSE.STK.002049 frozen position up to 1
[2024.04.30 11:53:25 - debug] 1 of SZSE.STK.002049 frozen released on 20181010
[2024.04.30 11:53:25 - debug] SZSE.STK.002049 frozen position up to 1
[2024.04.30 11:53:25 - debug] 1 of SZSE.STK.002049 frozen released on 20181015
[2024.04.30 11:53:25 - error] Cannot short on SZSE.STK.002049
[2024.04.30 11:53:25 - info ] Strategy has been scheduled 189 times, totally taking 10780 us, 57.037 us each time
[2024.04.30 11:53:25 - debug] Notify strategy the end of backtest
[2024.04.30 11:58:41 - debug] Calculating hook disabled
[2024.04.30 11:58:41 - info ] DualThrust inited
[2024.04.30 11:58:41 - debug] SZSE.STK.002049 frozen position up to 100
[2024.04.30 11:58:41 - debug] 100 of SZSE.STK.002049 frozen released on 20180105
[2024.04.30 11:58:41 - debug] SZSE.STK.002049 frozen position up to 100
[2024.04.30 11:58:41 - debug] 100 of SZSE.STK.002049 frozen released on 20180115
[2024.04.30 11:58:41 - debug] SZSE.STK.002049 frozen position up to 100
[2024.04.30 11:58:41 - debug] 100 of SZSE.STK.002049 frozen released on 20180126
[2024.04.30 11:58:41 - debug] SZSE.STK.002049 frozen position up to 100
[2024.04.30 11:58:41 - debug] 100 of SZSE.STK.002049 frozen released on 20180207
[2024.04.30 11:58:41 - debug] SZSE.STK.002049 frozen position up to 100
[2024.04.30 11:58:41 - debug] 100 of SZSE.STK.002049 frozen released on 20180212
[2024.04.30 11:58:41 - debug] SZSE.STK.002049 frozen position up to 100
[2024.04.30 11:58:41 - debug] 100 of SZSE.STK.002049 frozen released on 20180214
[2024.04.30 11:58:41 - debug] SZSE.STK.002049 frozen position up to 100
[2024.04.30 11:58:41 - debug] 100 of SZSE.STK.002049 frozen released on 20180226
[2024.04.30 11:58:41 - debug] SZSE.STK.002049 frozen position up to 100
[2024.04.30 11:58:41 - debug] 100 of SZSE.STK.002049 frozen released on 20180228
[2024.04.30 11:58:41 - debug] SZSE.STK.002049 frozen position up to 100
[2024.04.30 11:58:41 - debug] 100 of SZSE.STK.002049 frozen released on 20180305
[2024.04.30 11:58:41 - debug] SZSE.STK.002049 frozen position up to 100
[2024.04.30 11:58:41 - debug] 100 of SZSE.STK.002049 frozen released on 20180307
[2024.04.30 11:58:41 - debug] SZSE.STK.002049 frozen position up to 100
[2024.04.30 11:58:41 - debug] 100 of SZSE.STK.002049 frozen released on 20180309
[2024.04.30 11:58:41 - debug] SZSE.STK.002049 frozen position up to 100
[2024.04.30 11:58:41 - debug] 100 of SZSE.STK.002049 frozen released on 20180313
[2024.04.30 11:58:41 - debug] SZSE.STK.002049 frozen position up to 100
[2024.04.30 11:58:41 - debug] 100 of SZSE.STK.002049 frozen released on 20180315
[2024.04.30 11:58:41 - debug] SZSE.STK.002049 frozen position up to 100
[2024.04.30 11:58:41 - debug] 100 of SZSE.STK.002049 frozen released on 20180319
[2024.04.30 11:58:41 - debug] SZSE.STK.002049 frozen position up to 100
[2024.04.30 11:58:41 - debug] 100 of SZSE.STK.002049 frozen released on 20180321
[2024.04.30 11:58:41 - debug] SZSE.STK.002049 frozen position up to 100
[2024.04.30 11:58:41 - debug] 100 of SZSE.STK.002049 frozen released on 20180323
[2024.04.30 11:58:41 - debug] SZSE.STK.002049 frozen position up to 100
[2024.04.30 11:58:41 - debug] 100 of SZSE.STK.002049 frozen released on 20180327
[2024.04.30 11:58:41 - debug] SZSE.STK.002049 frozen position up to 100
[2024.04.30 11:58:41 - debug] 100 of SZSE.STK.002049 frozen released on 20180404
[2024.04.30 11:58:41 - debug] SZSE.STK.002049 frozen position up to 100
[2024.04.30 11:58:41 - debug] 100 of SZSE.STK.002049 frozen released on 20180416
[2024.04.30 11:58:41 - debug] SZSE.STK.002049 frozen position up to 100
[2024.04.30 11:58:41 - debug] 100 of SZSE.STK.002049 frozen released on 20180418
[2024.04.30 11:58:41 - debug] SZSE.STK.002049 frozen position up to 100
[2024.04.30 11:58:41 - debug] 100 of SZSE.STK.002049 frozen released on 20180420
[2024.04.30 11:58:41 - debug] SZSE.STK.002049 frozen position up to 100
[2024.04.30 11:58:41 - debug] 100 of SZSE.STK.002049 frozen released on 20180424
[2024.04.30 11:58:41 - debug] SZSE.STK.002049 frozen position up to 100
[2024.04.30 11:58:41 - debug] 100 of SZSE.STK.002049 frozen released on 20180426
[2024.04.30 11:58:41 - debug] SZSE.STK.002049 frozen position up to 100
[2024.04.30 11:58:41 - debug] 100 of SZSE.STK.002049 frozen released on 20180508
[2024.04.30 11:58:41 - debug] SZSE.STK.002049 frozen position up to 100
[2024.04.30 11:58:41 - debug] 100 of SZSE.STK.002049 frozen released on 20180511
[2024.04.30 11:58:41 - debug] SZSE.STK.002049 frozen position up to 100
[2024.04.30 11:58:41 - debug] 100 of SZSE.STK.002049 frozen released on 20180516
[2024.04.30 11:58:41 - debug] SZSE.STK.002049 frozen position up to 100
[2024.04.30 11:58:41 - debug] 100 of SZSE.STK.002049 frozen released on 20180521
[2024.04.30 11:58:41 - debug] SZSE.STK.002049 frozen position up to 100
[2024.04.30 11:58:41 - debug] 100 of SZSE.STK.002049 frozen released on 20180523
[2024.04.30 11:58:41 - debug] SZSE.STK.002049 frozen position up to 100
[2024.04.30 11:58:41 - debug] 100 of SZSE.STK.002049 frozen released on 20180525
[2024.04.30 11:58:41 - debug] SZSE.STK.002049 frozen position up to 100
[2024.04.30 11:58:41 - debug] 100 of SZSE.STK.002049 frozen released on 20180601
[2024.04.30 11:58:41 - debug] SZSE.STK.002049 frozen position up to 100
[2024.04.30 11:58:41 - debug] 100 of SZSE.STK.002049 frozen released on 20180606
[2024.04.30 11:58:41 - debug] SZSE.STK.002049 frozen position up to 100
[2024.04.30 11:58:41 - debug] 100 of SZSE.STK.002049 frozen released on 20180612
[2024.04.30 11:58:41 - debug] SZSE.STK.002049 frozen position up to 100
[2024.04.30 11:58:41 - debug] 100 of SZSE.STK.002049 frozen released on 20180615
[2024.04.30 11:58:41 - debug] SZSE.STK.002049 frozen position up to 100
[2024.04.30 11:58:41 - debug] 100 of SZSE.STK.002049 frozen released on 20180620
[2024.04.30 11:58:41 - debug] SZSE.STK.002049 frozen position up to 100
[2024.04.30 11:58:41 - debug] 100 of SZSE.STK.002049 frozen released on 20180628
[2024.04.30 11:58:41 - debug] SZSE.STK.002049 frozen position up to 100
[2024.04.30 11:58:41 - debug] 100 of SZSE.STK.002049 frozen released on 20180705
[2024.04.30 11:58:41 - debug] SZSE.STK.002049 frozen position up to 100
[2024.04.30 11:58:41 - debug] 100 of SZSE.STK.002049 frozen released on 20180710
[2024.04.30 11:58:41 - debug] SZSE.STK.002049 frozen position up to 100
[2024.04.30 11:58:41 - debug] 100 of SZSE.STK.002049 frozen released on 20180716
[2024.04.30 11:58:41 - debug] SZSE.STK.002049 frozen position up to 100
[2024.04.30 11:58:41 - debug] 100 of SZSE.STK.002049 frozen released on 20180719
[2024.04.30 11:58:41 - debug] SZSE.STK.002049 frozen position up to 100
[2024.04.30 11:58:41 - debug] 100 of SZSE.STK.002049 frozen released on 20180724
[2024.04.30 11:58:41 - debug] SZSE.STK.002049 frozen position up to 100
[2024.04.30 11:58:41 - debug] 100 of SZSE.STK.002049 frozen released on 20180727
[2024.04.30 11:58:41 - debug] SZSE.STK.002049 frozen position up to 100
[2024.04.30 11:58:41 - debug] 100 of SZSE.STK.002049 frozen released on 20180808
[2024.04.30 11:58:41 - debug] SZSE.STK.002049 frozen position up to 100
[2024.04.30 11:58:41 - debug] 100 of SZSE.STK.002049 frozen released on 20180813
[2024.04.30 11:58:41 - debug] SZSE.STK.002049 frozen position up to 100
[2024.04.30 11:58:41 - debug] 100 of SZSE.STK.002049 frozen released on 20180817
[2024.04.30 11:58:41 - debug] SZSE.STK.002049 frozen position up to 100
[2024.04.30 11:58:41 - debug] 100 of SZSE.STK.002049 frozen released on 20180822
[2024.04.30 11:58:41 - debug] SZSE.STK.002049 frozen position up to 100
[2024.04.30 11:58:41 - debug] 100 of SZSE.STK.002049 frozen released on 20180827
[2024.04.30 11:58:41 - debug] SZSE.STK.002049 frozen position up to 100
[2024.04.30 11:58:41 - debug] 100 of SZSE.STK.002049 frozen released on 20180829
[2024.04.30 11:58:41 - debug] SZSE.STK.002049 frozen position up to 100
[2024.04.30 11:58:41 - debug] 100 of SZSE.STK.002049 frozen released on 20180904
[2024.04.30 11:58:41 - debug] SZSE.STK.002049 frozen position up to 100
[2024.04.30 11:58:41 - debug] 100 of SZSE.STK.002049 frozen released on 20180906
[2024.04.30 11:58:41 - debug] SZSE.STK.002049 frozen position up to 100
[2024.04.30 11:58:41 - debug] 100 of SZSE.STK.002049 frozen released on 20180910
[2024.04.30 11:58:41 - debug] SZSE.STK.002049 frozen position up to 100
[2024.04.30 11:58:41 - debug] 100 of SZSE.STK.002049 frozen released on 20180920
[2024.04.30 11:58:41 - debug] SZSE.STK.002049 frozen position up to 100
[2024.04.30 11:58:41 - debug] 100 of SZSE.STK.002049 frozen released on 20180928
[2024.04.30 11:58:41 - debug] SZSE.STK.002049 frozen position up to 100
[2024.04.30 11:58:41 - debug] 100 of SZSE.STK.002049 frozen released on 20181010
[2024.04.30 11:58:41 - debug] SZSE.STK.002049 frozen position up to 100
[2024.04.30 11:58:41 - debug] 100 of SZSE.STK.002049 frozen released on 20181015
[2024.04.30 11:58:41 - info ] Strategy has been scheduled 189 times, totally taking 9526 us, 50.402 us each time
[2024.04.30 11:58:41 - debug] Notify strategy the end of backtest
