[2024.04.30 12:20:32 - debug] Calculating hook disabled
[2024.04.30 12:20:32 - info ] DualThrust inited
[2024.04.30 12:20:32 - debug] SZSE.STK.300618 frozen position up to 100
[2024.04.30 12:20:32 - debug] 100 of SZSE.STK.300618 frozen released on 20180105
[2024.04.30 12:20:32 - debug] SZSE.STK.300618 frozen position up to 100
[2024.04.30 12:20:32 - debug] 100 of SZSE.STK.300618 frozen released on 20180109
[2024.04.30 12:20:32 - debug] SZSE.STK.300618 frozen position up to 100
[2024.04.30 12:20:32 - debug] 100 of SZSE.STK.300618 frozen released on 20180117
[2024.04.30 12:20:32 - debug] SZSE.STK.300618 frozen position up to 100
[2024.04.30 12:20:32 - debug] 100 of SZSE.STK.300618 frozen released on 20180123
[2024.04.30 12:20:32 - debug] SZSE.STK.300618 frozen position up to 100
[2024.04.30 12:20:32 - debug] 100 of SZSE.STK.300618 frozen released on 20180126
[2024.04.30 12:20:32 - debug] SZSE.STK.300618 frozen position up to 100
[2024.04.30 12:20:32 - debug] 100 of SZSE.STK.300618 frozen released on 20180202
[2024.04.30 12:20:32 - debug] SZSE.STK.300618 frozen position up to 100
[2024.04.30 12:20:32 - debug] 100 of SZSE.STK.300618 frozen released on 20180212
[2024.04.30 12:20:32 - debug] SZSE.STK.300618 frozen position up to 100
[2024.04.30 12:20:32 - debug] 100 of SZSE.STK.300618 frozen released on 20180226
[2024.04.30 12:20:32 - debug] SZSE.STK.300618 frozen position up to 100
[2024.04.30 12:20:32 - debug] 100 of SZSE.STK.300618 frozen released on 20180228
[2024.04.30 12:20:32 - debug] SZSE.STK.300618 frozen position up to 100
[2024.04.30 12:20:32 - debug] 100 of SZSE.STK.300618 frozen released on 20180308
[2024.04.30 12:20:32 - debug] SZSE.STK.300618 frozen position up to 100
[2024.04.30 12:20:32 - debug] 100 of SZSE.STK.300618 frozen released on 20180312
[2024.04.30 12:20:32 - debug] SZSE.STK.300618 frozen position up to 100
[2024.04.30 12:20:32 - debug] 100 of SZSE.STK.300618 frozen released on 20180316
[2024.04.30 12:20:32 - debug] SZSE.STK.300618 frozen position up to 100
[2024.04.30 12:20:32 - debug] 100 of SZSE.STK.300618 frozen released on 20180322
[2024.04.30 12:20:32 - debug] SZSE.STK.300618 frozen position up to 100
[2024.04.30 12:20:32 - debug] 100 of SZSE.STK.300618 frozen released on 20180328
[2024.04.30 12:20:32 - debug] SZSE.STK.300618 frozen position up to 100
[2024.04.30 12:20:32 - debug] 100 of SZSE.STK.300618 frozen released on 20180409
[2024.04.30 12:20:32 - debug] SZSE.STK.300618 frozen position up to 100
[2024.04.30 12:20:32 - debug] 100 of SZSE.STK.300618 frozen released on 20180411
[2024.04.30 12:20:32 - debug] SZSE.STK.300618 frozen position up to 100
[2024.04.30 12:20:32 - debug] 100 of SZSE.STK.300618 frozen released on 20180426
[2024.04.30 12:20:32 - debug] SZSE.STK.300618 frozen position up to 100
[2024.04.30 12:20:32 - debug] 100 of SZSE.STK.300618 frozen released on 20180509
[2024.04.30 12:20:32 - debug] SZSE.STK.300618 frozen position up to 100
[2024.04.30 12:20:32 - debug] 100 of SZSE.STK.300618 frozen released on 20180515
[2024.04.30 12:20:32 - debug] SZSE.STK.300618 frozen position up to 100
[2024.04.30 12:20:32 - debug] 100 of SZSE.STK.300618 frozen released on 20180523
[2024.04.30 12:20:32 - debug] SZSE.STK.300618 frozen position up to 100
[2024.04.30 12:20:32 - debug] 100 of SZSE.STK.300618 frozen released on 20180530
[2024.04.30 12:20:32 - debug] SZSE.STK.300618 frozen position up to 100
[2024.04.30 12:20:32 - debug] 100 of SZSE.STK.300618 frozen released on 20180608
[2024.04.30 12:20:32 - debug] SZSE.STK.300618 frozen position up to 100
[2024.04.30 12:20:32 - debug] 100 of SZSE.STK.300618 frozen released on 20180613
[2024.04.30 12:20:32 - debug] SZSE.STK.300618 frozen position up to 100
[2024.04.30 12:20:32 - debug] 100 of SZSE.STK.300618 frozen released on 20180619
[2024.04.30 12:20:32 - debug] SZSE.STK.300618 frozen position up to 100
[2024.04.30 12:20:32 - debug] 100 of SZSE.STK.300618 frozen released on 20180621
[2024.04.30 12:20:32 - debug] SZSE.STK.300618 frozen position up to 100
[2024.04.30 12:20:32 - debug] 100 of SZSE.STK.300618 frozen released on 20180626
[2024.04.30 12:20:32 - debug] SZSE.STK.300618 frozen position up to 100
[2024.04.30 12:20:32 - debug] 100 of SZSE.STK.300618 frozen released on 20180628
[2024.04.30 12:20:32 - debug] SZSE.STK.300618 frozen position up to 100
[2024.04.30 12:20:32 - debug] 100 of SZSE.STK.300618 frozen released on 20180703
[2024.04.30 12:20:32 - debug] SZSE.STK.300618 frozen position up to 100
[2024.04.30 12:20:32 - debug] 100 of SZSE.STK.300618 frozen released on 20180710
[2024.04.30 12:20:32 - debug] SZSE.STK.300618 frozen position up to 100
[2024.04.30 12:20:32 - debug] 100 of SZSE.STK.300618 frozen released on 20180712
[2024.04.30 12:20:32 - debug] SZSE.STK.300618 frozen position up to 100
[2024.04.30 12:20:32 - debug] 100 of SZSE.STK.300618 frozen released on 20180723
[2024.04.30 12:20:32 - debug] SZSE.STK.300618 frozen position up to 100
[2024.04.30 12:20:32 - debug] 100 of SZSE.STK.300618 frozen released on 20180806
[2024.04.30 12:20:32 - debug] SZSE.STK.300618 frozen position up to 100
[2024.04.30 12:20:32 - debug] 100 of SZSE.STK.300618 frozen released on 20180815
[2024.04.30 12:20:32 - debug] SZSE.STK.300618 frozen position up to 100
[2024.04.30 12:20:32 - debug] 100 of SZSE.STK.300618 frozen released on 20180820
[2024.04.30 12:20:32 - debug] SZSE.STK.300618 frozen position up to 100
[2024.04.30 12:20:32 - debug] 100 of SZSE.STK.300618 frozen released on 20180823
[2024.04.30 12:20:32 - debug] SZSE.STK.300618 frozen position up to 100
[2024.04.30 12:20:32 - debug] 100 of SZSE.STK.300618 frozen released on 20180829
[2024.04.30 12:20:32 - debug] SZSE.STK.300618 frozen position up to 100
[2024.04.30 12:20:32 - debug] 100 of SZSE.STK.300618 frozen released on 20180910
[2024.04.30 12:20:32 - debug] SZSE.STK.300618 frozen position up to 100
[2024.04.30 12:20:32 - debug] 100 of SZSE.STK.300618 frozen released on 20180913
[2024.04.30 12:20:32 - debug] SZSE.STK.300618 frozen position up to 100
[2024.04.30 12:20:32 - debug] 100 of SZSE.STK.300618 frozen released on 20180917
[2024.04.30 12:20:32 - debug] SZSE.STK.300618 frozen position up to 100
[2024.04.30 12:20:32 - debug] 100 of SZSE.STK.300618 frozen released on 20180920
[2024.04.30 12:20:32 - debug] SZSE.STK.300618 frozen position up to 100
[2024.04.30 12:20:32 - debug] 100 of SZSE.STK.300618 frozen released on 20180927
[2024.04.30 12:20:32 - info ] Strategy has been scheduled 189 times, totally taking 8697 us, 46.016 us each time
[2024.04.30 12:20:32 - debug] Notify strategy the end of backtest
