[2024.03.06 19:29:28 - debug] Calculating hook disabled
[2024.03.06 19:29:28 - info ] DualThrust inited
[2024.03.06 19:29:29 - info ] Strategy has been scheduled 9648 times, totally taking 467431 us, 48.448 us each time
[2024.03.06 19:29:29 - debug] Notify strategy the end of backtest
[2024.04.29 23:50:50 - debug] Calculating hook disabled
[2024.04.29 23:50:51 - info ] DualThrust inited
[2024.04.29 23:50:52 - info ] Strategy has been scheduled 9648 times, totally taking 406963 us, 42.181 us each time
[2024.04.29 23:50:52 - debug] Notify strategy the end of backtest
[2024.04.29 23:58:11 - debug] Calculating hook disabled
[2024.04.29 23:58:11 - info ] DualThrust inited
[2024.04.29 23:58:11 - info ] Strategy has been scheduled for 0 times
[2024.04.29 23:58:11 - debug] Notify strategy the end of backtest
[2024.04.29 23:58:40 - debug] Calculating hook disabled
[2024.04.29 23:58:40 - info ] DualThrust inited
[2024.04.29 23:58:40 - info ] Strategy has been scheduled for 0 times
[2024.04.29 23:58:40 - debug] Notify strategy the end of backtest
[2024.04.29 23:59:37 - debug] Calculating hook disabled
[2024.04.29 23:59:37 - info ] DualThrust inited
[2024.04.29 23:59:38 - info ] Strategy has been scheduled 9648 times, totally taking 395225 us, 40.964 us each time
[2024.04.29 23:59:38 - debug] Notify strategy the end of backtest
[2024.04.30 11:42:00 - debug] Calculating hook disabled
[2024.04.30 11:42:00 - info ] DualThrust inited
[2024.04.30 11:42:01 - info ] Strategy has been scheduled 11184 times, totally taking 460942 us, 41.214 us each time
[2024.04.30 11:42:01 - debug] Notify strategy the end of backtest
[2024.04.30 14:01:27 - debug] Calculating hook disabled
[2024.04.30 14:01:27 - info ] DualThrust inited
[2024.04.30 14:01:28 - info ] Strategy has been scheduled 11184 times, totally taking 468612 us, 41.900 us each time
[2024.04.30 14:01:28 - debug] Notify strategy the end of backtest
